[DEBUG]2025-06-24 14:24:40,648: <re.Match object; span=(1088, 1781), match='typedef enum {\n    ES_NO_EVENT, ES_ERROR, /* use>
[DEBUG]2025-06-24 14:24:40,649: ['ES_NO_EVENT', 'ES_ERROR', 'ES_INIT', 'ES_ENTRY', 'ES_EXIT', 'ES_KEYINPUT', 'ES_LISTEVENTS', 'ES_TIMEOUT', 'ES_TIMERACTIVE', 'ES_TIMERSTOPPED', 'BATTERY_CONNECTED', 'BATTERY_DISCONNECTED', 'NUMBEROFEVENTS']
[DEBUG]2025-06-24 14:24:40,650: 
static const char *EventNames[] = {
	"ES_NO_EVENT",
	"ES_ERROR",
	"ES_INIT",
	"ES_ENTRY",
	"ES_EXIT",
	"ES_KEYINPUT",
	"ES_LISTEVENTS",
	"ES_TIMEOUT",
	"ES_TIMERACTIVE",
	"ES_TIMERSTOPPED",
	"BATTERY_CONNECTED",
	"BATTERY_DISCONNECTED",
	"NUMBEROFEVENTS",
};


[DEBUG]2025-06-24 14:24:40,656: None
[DEBUG]2025-06-24 14:24:40,656: None
[DEBUG]2025-06-24 14:24:40,659: None
[DEBUG]2025-06-24 14:24:40,659: None
[DEBUG]2025-06-24 14:24:40,659: None
[DEBUG]2025-06-24 14:24:40,660: None
[DEBUG]2025-06-24 14:24:40,660: None
[DEBUG]2025-06-24 14:24:40,660: None
[DEBUG]2025-06-24 14:24:40,660: None
[DEBUG]2025-06-24 14:24:40,662: None
[DEBUG]2025-06-24 14:24:40,662: None
[DEBUG]2025-06-24 14:24:40,662: None
[DEBUG]2025-06-24 14:24:40,662: None
[DEBUG]2025-06-24 14:24:40,662: None
[DEBUG]2025-06-24 14:24:40,663: None
[DEBUG]2025-06-24 14:24:40,663: None
[DEBUG]2025-06-24 14:24:40,663: None
[DEBUG]2025-06-24 14:24:40,663: None
[DEBUG]2025-06-24 14:24:40,663: None
[DEBUG]2025-06-24 14:24:40,663: None
[DEBUG]2025-06-24 14:24:40,665: None
[DEBUG]2025-06-24 14:24:40,665: None
[DEBUG]2025-06-24 14:24:40,665: None
[DEBUG]2025-06-24 14:24:40,665: None
[DEBUG]2025-06-24 14:24:40,665: None
[DEBUG]2025-06-24 14:24:40,665: None
[DEBUG]2025-06-24 14:24:40,665: None
[DEBUG]2025-06-24 14:24:40,667: None
[DEBUG]2025-06-24 14:24:40,667: None
[DEBUG]2025-06-24 14:24:40,667: None
[DEBUG]2025-06-24 14:24:40,667: None
[DEBUG]2025-06-24 14:24:40,667: None
[DEBUG]2025-06-24 14:24:40,667: None
[DEBUG]2025-06-24 14:24:40,667: None
[DEBUG]2025-06-24 14:24:40,667: None
[DEBUG]2025-06-24 14:24:40,670: None
[DEBUG]2025-06-24 14:24:40,670: None
[DEBUG]2025-06-24 14:24:40,670: None
[DEBUG]2025-06-24 14:24:40,670: None
[DEBUG]2025-06-24 14:24:40,670: None
[DEBUG]2025-06-24 14:24:40,670: None
[DEBUG]2025-06-24 14:24:40,670: None
[DEBUG]2025-06-24 14:24:40,670: None
[DEBUG]2025-06-24 14:24:40,670: None
[DEBUG]2025-06-24 14:24:40,672: None
[DEBUG]2025-06-24 14:24:40,672: None
[DEBUG]2025-06-24 14:24:40,672: None
[DEBUG]2025-06-24 14:24:40,672: None
[DEBUG]2025-06-24 14:24:40,672: None
[DEBUG]2025-06-24 14:24:40,672: None
[DEBUG]2025-06-24 14:24:40,672: None
[DEBUG]2025-06-24 14:24:40,672: None
[DEBUG]2025-06-24 14:24:40,672: None
[DEBUG]2025-06-24 14:24:40,672: None
[DEBUG]2025-06-24 14:24:40,674: None
[DEBUG]2025-06-24 14:24:40,674: None
[DEBUG]2025-06-24 14:24:40,674: None
[DEBUG]2025-06-24 14:24:40,674: None
[DEBUG]2025-06-24 14:24:40,674: None
[DEBUG]2025-06-24 14:24:40,674: None
[DEBUG]2025-06-24 14:24:40,674: None
[DEBUG]2025-06-24 14:24:40,674: None
[DEBUG]2025-06-24 14:24:40,674: None
[DEBUG]2025-06-24 14:24:40,674: None
[DEBUG]2025-06-24 14:24:40,674: None
[DEBUG]2025-06-24 14:24:40,676: None
[DEBUG]2025-06-24 14:24:40,676: None
[DEBUG]2025-06-24 14:24:40,676: None
[DEBUG]2025-06-24 14:24:40,676: None
[DEBUG]2025-06-24 14:24:40,676: None
[DEBUG]2025-06-24 14:24:40,676: None
[DEBUG]2025-06-24 14:24:40,676: None
[DEBUG]2025-06-24 14:24:40,676: None
[DEBUG]2025-06-24 14:24:40,676: None
[DEBUG]2025-06-24 14:24:40,676: None
[DEBUG]2025-06-24 14:24:40,676: None
[DEBUG]2025-06-24 14:24:40,676: None
[DEBUG]2025-06-24 14:24:40,678: None
[DEBUG]2025-06-24 14:24:40,678: None
[DEBUG]2025-06-24 14:24:40,678: None
[DEBUG]2025-06-24 14:24:40,678: None
[DEBUG]2025-06-24 14:24:40,678: None
[DEBUG]2025-06-24 14:24:40,678: None
[DEBUG]2025-06-24 14:24:40,678: None
[DEBUG]2025-06-24 14:24:40,678: None
[DEBUG]2025-06-24 14:24:40,678: None
[DEBUG]2025-06-24 14:24:40,678: None
[DEBUG]2025-06-24 14:24:40,678: None
[DEBUG]2025-06-24 14:24:40,678: None
[DEBUG]2025-06-24 14:24:40,678: None
[DEBUG]2025-06-24 14:24:40,680: None
[DEBUG]2025-06-24 14:24:40,680: None
[DEBUG]2025-06-24 14:24:40,680: None
[DEBUG]2025-06-24 14:24:40,680: None
[DEBUG]2025-06-24 14:24:40,680: None
[DEBUG]2025-06-24 14:24:40,680: None
[DEBUG]2025-06-24 14:24:40,680: None
[DEBUG]2025-06-24 14:24:40,680: None
[DEBUG]2025-06-24 14:24:40,680: None
[DEBUG]2025-06-24 14:24:40,680: None
[DEBUG]2025-06-24 14:24:40,680: None
[DEBUG]2025-06-24 14:24:40,680: None
[DEBUG]2025-06-24 14:24:40,680: None
[DEBUG]2025-06-24 14:24:40,680: None
[DEBUG]2025-06-24 14:27:38,696: <re.Match object; span=(1088, 1781), match='typedef enum {\n    ES_NO_EVENT, ES_ERROR, /* use>
[DEBUG]2025-06-24 14:27:38,697: ['ES_NO_EVENT', 'ES_ERROR', 'ES_INIT', 'ES_ENTRY', 'ES_EXIT', 'ES_KEYINPUT', 'ES_LISTEVENTS', 'ES_TIMEOUT', 'ES_TIMERACTIVE', 'ES_TIMERSTOPPED', 'BATTERY_CONNECTED', 'BATTERY_DISCONNECTED', 'NUMBEROFEVENTS']
[DEBUG]2025-06-24 14:27:38,697: 
static const char *EventNames[] = {
	"ES_NO_EVENT",
	"ES_ERROR",
	"ES_INIT",
	"ES_ENTRY",
	"ES_EXIT",
	"ES_KEYINPUT",
	"ES_LISTEVENTS",
	"ES_TIMEOUT",
	"ES_TIMERACTIVE",
	"ES_TIMERSTOPPED",
	"BATTERY_CONNECTED",
	"BATTERY_DISCONNECTED",
	"NUMBEROFEVENTS",
};


[DEBUG]2025-06-24 14:27:38,702: None
[DEBUG]2025-06-24 14:27:38,702: None
[DEBUG]2025-06-24 14:27:38,704: None
[DEBUG]2025-06-24 14:27:38,704: None
[DEBUG]2025-06-24 14:27:38,704: None
[DEBUG]2025-06-24 14:27:38,706: None
[DEBUG]2025-06-24 14:27:38,706: None
[DEBUG]2025-06-24 14:27:38,706: None
[DEBUG]2025-06-24 14:27:38,706: None
[DEBUG]2025-06-24 14:27:38,707: None
[DEBUG]2025-06-24 14:27:38,707: None
[DEBUG]2025-06-24 14:27:38,707: None
[DEBUG]2025-06-24 14:27:38,707: None
[DEBUG]2025-06-24 14:27:38,707: None
[DEBUG]2025-06-24 14:27:38,709: None
[DEBUG]2025-06-24 14:27:38,709: None
[DEBUG]2025-06-24 14:27:38,709: None
[DEBUG]2025-06-24 14:27:38,709: None
[DEBUG]2025-06-24 14:27:38,709: None
[DEBUG]2025-06-24 14:27:38,709: None
[DEBUG]2025-06-24 14:27:38,710: None
[DEBUG]2025-06-24 14:27:38,710: None
[DEBUG]2025-06-24 14:27:38,710: None
[DEBUG]2025-06-24 14:27:38,710: None
[DEBUG]2025-06-24 14:27:38,710: None
[DEBUG]2025-06-24 14:27:38,710: None
[DEBUG]2025-06-24 14:27:38,710: None
[DEBUG]2025-06-24 14:27:38,711: None
[DEBUG]2025-06-24 14:27:38,711: None
[DEBUG]2025-06-24 14:27:38,711: None
[DEBUG]2025-06-24 14:27:38,711: None
[DEBUG]2025-06-24 14:27:38,711: None
[DEBUG]2025-06-24 14:27:38,711: None
[DEBUG]2025-06-24 14:27:38,711: None
[DEBUG]2025-06-24 14:27:38,711: None
[DEBUG]2025-06-24 14:27:38,713: None
[DEBUG]2025-06-24 14:27:38,713: None
[DEBUG]2025-06-24 14:27:38,713: None
[DEBUG]2025-06-24 14:27:38,713: None
[DEBUG]2025-06-24 14:27:38,713: None
[DEBUG]2025-06-24 14:27:38,713: None
[DEBUG]2025-06-24 14:27:38,713: None
[DEBUG]2025-06-24 14:27:38,713: None
[DEBUG]2025-06-24 14:27:38,713: None
[DEBUG]2025-06-24 14:27:38,714: None
[DEBUG]2025-06-24 14:27:38,714: None
[DEBUG]2025-06-24 14:27:38,714: None
[DEBUG]2025-06-24 14:27:38,714: None
[DEBUG]2025-06-24 14:27:38,714: None
[DEBUG]2025-06-24 14:27:38,714: None
[DEBUG]2025-06-24 14:27:38,714: None
[DEBUG]2025-06-24 14:27:38,714: None
[DEBUG]2025-06-24 14:27:38,714: None
[DEBUG]2025-06-24 14:27:38,714: None
[DEBUG]2025-06-24 14:27:38,716: None
[DEBUG]2025-06-24 14:27:38,716: None
[DEBUG]2025-06-24 14:27:38,716: None
[DEBUG]2025-06-24 14:27:38,716: None
[DEBUG]2025-06-24 14:27:38,716: None
[DEBUG]2025-06-24 14:27:38,716: None
[DEBUG]2025-06-24 14:27:38,716: None
[DEBUG]2025-06-24 14:27:38,716: None
[DEBUG]2025-06-24 14:27:38,716: None
[DEBUG]2025-06-24 14:27:38,716: None
[DEBUG]2025-06-24 14:27:38,716: None
[DEBUG]2025-06-24 14:27:38,718: None
[DEBUG]2025-06-24 14:27:38,718: None
[DEBUG]2025-06-24 14:27:38,718: None
[DEBUG]2025-06-24 14:27:38,718: None
[DEBUG]2025-06-24 14:27:38,718: None
[DEBUG]2025-06-24 14:27:38,718: None
[DEBUG]2025-06-24 14:27:38,718: None
[DEBUG]2025-06-24 14:27:38,718: None
[DEBUG]2025-06-24 14:27:38,718: None
[DEBUG]2025-06-24 14:27:38,718: None
[DEBUG]2025-06-24 14:27:38,718: None
[DEBUG]2025-06-24 14:27:38,718: None
[DEBUG]2025-06-24 14:27:38,719: None
[DEBUG]2025-06-24 14:27:38,719: None
[DEBUG]2025-06-24 14:27:38,719: None
[DEBUG]2025-06-24 14:27:38,719: None
[DEBUG]2025-06-24 14:27:38,719: None
[DEBUG]2025-06-24 14:27:38,719: None
[DEBUG]2025-06-24 14:27:38,719: None
[DEBUG]2025-06-24 14:27:38,719: None
[DEBUG]2025-06-24 14:27:38,719: None
[DEBUG]2025-06-24 14:27:38,719: None
[DEBUG]2025-06-24 14:27:38,719: None
[DEBUG]2025-06-24 14:27:38,719: None
[DEBUG]2025-06-24 14:27:38,719: None
[DEBUG]2025-06-24 14:27:38,721: None
[DEBUG]2025-06-24 14:27:38,721: None
[DEBUG]2025-06-24 14:27:38,721: None
[DEBUG]2025-06-24 14:27:38,721: None
[DEBUG]2025-06-24 14:27:38,721: None
[DEBUG]2025-06-24 14:27:38,721: None
[DEBUG]2025-06-24 14:27:38,721: None
[DEBUG]2025-06-24 14:27:38,721: None
[DEBUG]2025-06-24 14:27:38,721: None
[DEBUG]2025-06-24 14:27:38,721: None
[DEBUG]2025-06-24 14:27:38,721: None
[DEBUG]2025-06-24 14:27:38,721: None
[DEBUG]2025-06-24 14:27:38,721: None
[DEBUG]2025-06-24 14:27:38,721: None
