[DEBUG]2025-06-24 15:22:54,615: <re.Match object; span=(1084, 1777), match='typedef enum {\n    ES_NO_EVENT, ES_ERROR, /* use>
[DEBUG]2025-06-24 15:22:54,615: ['ES_NO_EVENT', 'ES_ERROR', 'ES_INIT', 'ES_ENTRY', 'ES_EXIT', 'ES_KEYINPUT', 'ES_LISTEVENTS', 'ES_TIMEOUT', 'ES_TIMERACTIVE', 'ES_TIMERSTOPPED', 'BATTERY_CONNECTED', 'BATTERY_DISCONNECTED', 'NUMBEROFEVENTS']
[DEBUG]2025-06-24 15:22:54,616: 
static const char *EventNames[] = {
	"ES_NO_EVENT",
	"ES_ERROR",
	"ES_INIT",
	"ES_ENTRY",
	"ES_EXIT",
	"ES_KEYINPUT",
	"ES_LISTEVENTS",
	"ES_TIMEOUT",
	"ES_TIMERACTIVE",
	"ES_TIMERSTOPPED",
	"BATTERY_CONNECTED",
	"BATTERY_DISCONNECTED",
	"NUMBEROFEVENTS",
};


[DEBUG]2025-06-24 15:22:54,660: None
[DEBUG]2025-06-24 15:22:54,660: None
[DEBUG]2025-06-24 15:22:54,663: None
[DEBUG]2025-06-24 15:22:54,663: None
[DEBUG]2025-06-24 15:22:54,663: None
[DEBUG]2025-06-24 15:22:54,664: None
[DEBUG]2025-06-24 15:22:54,664: None
[DEBUG]2025-06-24 15:22:54,664: None
[DEBUG]2025-06-24 15:22:54,664: None
[DEBUG]2025-06-24 15:22:54,666: None
[DEBUG]2025-06-24 15:22:54,666: None
[DEBUG]2025-06-24 15:22:54,666: None
[DEBUG]2025-06-24 15:22:54,666: None
[DEBUG]2025-06-24 15:22:54,666: None
[DEBUG]2025-06-24 15:22:54,668: None
[DEBUG]2025-06-24 15:22:54,668: None
[DEBUG]2025-06-24 15:22:54,668: None
[DEBUG]2025-06-24 15:22:54,668: None
[DEBUG]2025-06-24 15:22:54,668: None
[DEBUG]2025-06-24 15:22:54,668: None
[DEBUG]2025-06-24 15:22:54,669: None
[DEBUG]2025-06-24 15:22:54,669: None
[DEBUG]2025-06-24 15:22:54,669: None
[DEBUG]2025-06-24 15:22:54,669: None
[DEBUG]2025-06-24 15:22:54,669: None
[DEBUG]2025-06-24 15:22:54,669: None
[DEBUG]2025-06-24 15:22:54,669: None
[DEBUG]2025-06-24 15:22:54,671: None
[DEBUG]2025-06-24 15:22:54,671: None
[DEBUG]2025-06-24 15:22:54,671: None
[DEBUG]2025-06-24 15:22:54,671: None
[DEBUG]2025-06-24 15:22:54,671: None
[DEBUG]2025-06-24 15:22:54,671: None
[DEBUG]2025-06-24 15:22:54,671: None
[DEBUG]2025-06-24 15:22:54,671: None
[DEBUG]2025-06-24 15:22:54,672: None
[DEBUG]2025-06-24 15:22:54,672: None
[DEBUG]2025-06-24 15:22:54,672: None
[DEBUG]2025-06-24 15:22:54,672: None
[DEBUG]2025-06-24 15:22:54,672: None
[DEBUG]2025-06-24 15:22:54,672: None
[DEBUG]2025-06-24 15:22:54,672: None
[DEBUG]2025-06-24 15:22:54,672: None
[DEBUG]2025-06-24 15:22:54,672: None
[DEBUG]2025-06-24 15:22:54,674: None
[DEBUG]2025-06-24 15:22:54,674: None
[DEBUG]2025-06-24 15:22:54,674: None
[DEBUG]2025-06-24 15:22:54,674: None
[DEBUG]2025-06-24 15:22:54,674: None
[DEBUG]2025-06-24 15:22:54,674: None
[DEBUG]2025-06-24 15:22:54,674: None
[DEBUG]2025-06-24 15:22:54,674: None
[DEBUG]2025-06-24 15:22:54,674: None
[DEBUG]2025-06-24 15:22:54,674: None
[DEBUG]2025-06-24 15:22:54,676: None
[DEBUG]2025-06-24 15:22:54,676: None
[DEBUG]2025-06-24 15:22:54,676: None
[DEBUG]2025-06-24 15:22:54,676: None
[DEBUG]2025-06-24 15:22:54,676: None
[DEBUG]2025-06-24 15:22:54,676: None
[DEBUG]2025-06-24 15:22:54,676: None
[DEBUG]2025-06-24 15:22:54,676: None
[DEBUG]2025-06-24 15:22:54,676: None
[DEBUG]2025-06-24 15:22:54,676: None
[DEBUG]2025-06-24 15:22:54,676: None
[DEBUG]2025-06-24 15:22:54,678: None
[DEBUG]2025-06-24 15:22:54,678: None
[DEBUG]2025-06-24 15:22:54,678: None
[DEBUG]2025-06-24 15:22:54,678: None
[DEBUG]2025-06-24 15:22:54,678: None
[DEBUG]2025-06-24 15:22:54,678: None
[DEBUG]2025-06-24 15:22:54,678: None
[DEBUG]2025-06-24 15:22:54,678: None
[DEBUG]2025-06-24 15:22:54,678: None
[DEBUG]2025-06-24 15:22:54,678: None
[DEBUG]2025-06-24 15:22:54,678: None
[DEBUG]2025-06-24 15:22:54,678: None
[DEBUG]2025-06-24 15:22:54,681: None
[DEBUG]2025-06-24 15:22:54,681: None
[DEBUG]2025-06-24 15:22:54,681: None
[DEBUG]2025-06-24 15:22:54,681: None
[DEBUG]2025-06-24 15:22:54,681: None
[DEBUG]2025-06-24 15:22:54,681: None
[DEBUG]2025-06-24 15:22:54,681: None
[DEBUG]2025-06-24 15:22:54,681: None
[DEBUG]2025-06-24 15:22:54,681: None
[DEBUG]2025-06-24 15:22:54,681: None
[DEBUG]2025-06-24 15:22:54,681: None
[DEBUG]2025-06-24 15:22:54,681: None
[DEBUG]2025-06-24 15:22:54,681: None
[DEBUG]2025-06-24 15:22:54,684: None
[DEBUG]2025-06-24 15:22:54,684: None
[DEBUG]2025-06-24 15:22:54,684: None
[DEBUG]2025-06-24 15:22:54,684: None
[DEBUG]2025-06-24 15:22:54,684: None
[DEBUG]2025-06-24 15:22:54,684: None
[DEBUG]2025-06-24 15:22:54,684: None
[DEBUG]2025-06-24 15:22:54,684: None
[DEBUG]2025-06-24 15:22:54,684: None
[DEBUG]2025-06-24 15:22:54,684: None
[DEBUG]2025-06-24 15:22:54,684: None
[DEBUG]2025-06-24 15:22:54,684: None
[DEBUG]2025-06-24 15:22:54,684: None
[DEBUG]2025-06-24 15:22:54,684: None
[DEBUG]2025-06-24 15:22:54,687: None
[DEBUG]2025-06-24 15:22:54,687: None
[DEBUG]2025-06-24 15:22:54,687: None
[DEBUG]2025-06-24 15:22:54,687: None
[DEBUG]2025-06-24 15:22:54,687: None
[DEBUG]2025-06-24 15:22:54,687: None
[DEBUG]2025-06-24 15:22:54,687: None
[DEBUG]2025-06-24 15:22:54,687: None
[DEBUG]2025-06-24 15:22:54,687: None
[DEBUG]2025-06-24 15:22:54,687: None
[DEBUG]2025-06-24 15:22:54,687: None
[DEBUG]2025-06-24 15:22:54,687: None
[DEBUG]2025-06-24 15:22:54,687: None
[DEBUG]2025-06-24 15:22:54,687: None
[DEBUG]2025-06-24 15:22:54,687: None
[DEBUG]2025-06-24 15:22:54,690: None
[DEBUG]2025-06-24 15:22:54,690: None
[DEBUG]2025-06-24 15:22:54,690: None
[DEBUG]2025-06-24 15:22:54,690: None
[DEBUG]2025-06-24 15:22:54,690: None
[DEBUG]2025-06-24 15:22:54,690: None
[DEBUG]2025-06-24 15:22:54,690: None
[DEBUG]2025-06-24 15:22:54,690: None
[DEBUG]2025-06-24 15:22:54,690: None
[DEBUG]2025-06-24 15:22:54,690: None
[DEBUG]2025-06-24 15:22:54,690: None
[DEBUG]2025-06-24 15:22:54,690: None
[DEBUG]2025-06-24 15:22:54,690: None
[DEBUG]2025-06-24 15:22:54,690: None
[DEBUG]2025-06-24 15:22:54,690: None
[DEBUG]2025-06-24 15:22:54,690: None
[DEBUG]2025-06-24 15:22:54,692: None
[DEBUG]2025-06-24 15:22:54,692: None
[DEBUG]2025-06-24 15:22:54,692: None
[DEBUG]2025-06-24 15:22:54,692: None
[DEBUG]2025-06-24 15:22:54,692: None
[DEBUG]2025-06-24 15:22:54,692: None
[DEBUG]2025-06-24 15:22:54,692: None
[DEBUG]2025-06-24 15:22:54,692: None
[DEBUG]2025-06-24 15:22:54,692: None
[DEBUG]2025-06-24 15:22:54,692: None
[DEBUG]2025-06-24 15:22:54,692: None
[DEBUG]2025-06-24 15:22:54,692: None
[DEBUG]2025-06-24 15:22:54,692: None
[DEBUG]2025-06-24 15:22:54,692: None
[DEBUG]2025-06-24 15:22:54,692: None
[DEBUG]2025-06-24 15:22:54,692: None
[DEBUG]2025-06-24 15:22:54,692: None
[DEBUG]2025-06-24 15:22:54,695: None
[DEBUG]2025-06-24 15:22:54,695: None
[DEBUG]2025-06-24 15:22:54,695: None
[DEBUG]2025-06-24 15:22:54,695: None
[DEBUG]2025-06-24 15:22:54,695: None
[DEBUG]2025-06-24 15:22:54,695: None
[DEBUG]2025-06-24 15:22:54,695: None
[DEBUG]2025-06-24 15:22:54,695: None
[DEBUG]2025-06-24 15:22:54,695: None
[DEBUG]2025-06-24 15:22:54,695: None
[DEBUG]2025-06-24 15:22:54,695: None
[DEBUG]2025-06-24 15:22:54,695: None
[DEBUG]2025-06-24 15:22:54,695: None
[DEBUG]2025-06-24 15:22:54,695: None
[DEBUG]2025-06-24 15:22:54,695: None
[DEBUG]2025-06-24 15:22:54,695: None
[DEBUG]2025-06-24 15:22:54,695: None
[DEBUG]2025-06-24 15:22:54,695: None
[DEBUG]2025-06-24 15:22:54,698: <re.Match object; span=(2010, 2078), match='typedef enum {\n    InitPState,\n    FirstState,\>
[DEBUG]2025-06-24 15:22:54,698: <re.Match object; span=(2010, 2078), match='typedef enum {\n    InitPState,\n    FirstState,\>
[DEBUG]2025-06-24 15:22:54,698: <re.Match object; span=(2010, 2078), match='typedef enum {\n    InitPState,\n    FirstState,\>
[DEBUG]2025-06-24 15:22:54,698: <re.Match object; span=(2010, 2078), match='typedef enum {\n    InitPState,\n    FirstState,\>
[DEBUG]2025-06-24 15:22:54,698: <re.Match object; span=(2010, 2078), match='typedef enum {\n    InitPState,\n    FirstState,\>
[DEBUG]2025-06-24 15:22:54,698: <re.Match object; span=(2010, 2078), match='typedef enum {\n    InitPState,\n    FirstState,\>
[DEBUG]2025-06-24 15:22:54,698: <re.Match object; span=(2010, 2078), match='typedef enum {\n    InitPState,\n    FirstState,\>
[DEBUG]2025-06-24 15:22:54,698: <re.Match object; span=(2010, 2078), match='typedef enum {\n    InitPState,\n    FirstState,\>
[DEBUG]2025-06-24 15:22:54,698: <re.Match object; span=(2010, 2078), match='typedef enum {\n    InitPState,\n    FirstState,\>
[DEBUG]2025-06-24 15:22:54,698: <re.Match object; span=(2010, 2078), match='typedef enum {\n    InitPState,\n    FirstState,\>
[DEBUG]2025-06-24 15:22:54,698: <re.Match object; span=(2010, 2078), match='typedef enum {\n    InitPState,\n    FirstState,\>
[DEBUG]2025-06-24 15:22:54,698: <re.Match object; span=(2010, 2078), match='typedef enum {\n    InitPState,\n    FirstState,\>
[DEBUG]2025-06-24 15:22:54,698: <re.Match object; span=(2010, 2078), match='typedef enum {\n    InitPState,\n    FirstState,\>
[DEBUG]2025-06-24 15:22:54,698: <re.Match object; span=(2010, 2078), match='typedef enum {\n    InitPState,\n    FirstState,\>
[DEBUG]2025-06-24 15:22:54,698: <re.Match object; span=(2010, 2078), match='typedef enum {\n    InitPState,\n    FirstState,\>
[DEBUG]2025-06-24 15:22:54,698: <re.Match object; span=(2010, 2078), match='typedef enum {\n    InitPState,\n    FirstState,\>
[DEBUG]2025-06-24 15:22:54,698: <re.Match object; span=(2010, 2078), match='typedef enum {\n    InitPState,\n    FirstState,\>
[DEBUG]2025-06-24 15:22:54,698: <re.Match object; span=(2010, 2078), match='typedef enum {\n    InitPState,\n    FirstState,\>
[DEBUG]2025-06-24 15:22:54,698: <re.Match object; span=(2010, 2078), match='typedef enum {\n    InitPState,\n    FirstState,\>
[DEBUG]2025-06-24 15:22:54,700: ['InitPState', 'FirstState']
[DEBUG]2025-06-24 15:22:54,700: ['InitPState', 'FirstState']
[DEBUG]2025-06-24 15:22:54,700: ['InitPState', 'FirstState']
[DEBUG]2025-06-24 15:22:54,700: ['InitPState', 'FirstState']
[DEBUG]2025-06-24 15:22:54,700: ['InitPState', 'FirstState']
[DEBUG]2025-06-24 15:22:54,700: ['InitPState', 'FirstState']
[DEBUG]2025-06-24 15:22:54,700: ['InitPState', 'FirstState']
[DEBUG]2025-06-24 15:22:54,700: ['InitPState', 'FirstState']
[DEBUG]2025-06-24 15:22:54,700: ['InitPState', 'FirstState']
[DEBUG]2025-06-24 15:22:54,700: ['InitPState', 'FirstState']
[DEBUG]2025-06-24 15:22:54,700: ['InitPState', 'FirstState']
[DEBUG]2025-06-24 15:22:54,700: ['InitPState', 'FirstState']
[DEBUG]2025-06-24 15:22:54,700: ['InitPState', 'FirstState']
[DEBUG]2025-06-24 15:22:54,700: ['InitPState', 'FirstState']
[DEBUG]2025-06-24 15:22:54,700: ['InitPState', 'FirstState']
[DEBUG]2025-06-24 15:22:54,700: ['InitPState', 'FirstState']
[DEBUG]2025-06-24 15:22:54,700: ['InitPState', 'FirstState']
[DEBUG]2025-06-24 15:22:54,700: ['InitPState', 'FirstState']
[DEBUG]2025-06-24 15:22:54,700: ['InitPState', 'FirstState']
[DEBUG]2025-06-24 15:22:54,700: 
static const char *StateNames[] = {
	"InitPState",
	"FirstState",
};


[DEBUG]2025-06-24 15:22:54,700: 
static const char *StateNames[] = {
	"InitPState",
	"FirstState",
};


[DEBUG]2025-06-24 15:22:54,700: 
static const char *StateNames[] = {
	"InitPState",
	"FirstState",
};


[DEBUG]2025-06-24 15:22:54,700: 
static const char *StateNames[] = {
	"InitPState",
	"FirstState",
};


[DEBUG]2025-06-24 15:22:54,700: 
static const char *StateNames[] = {
	"InitPState",
	"FirstState",
};


[DEBUG]2025-06-24 15:22:54,700: 
static const char *StateNames[] = {
	"InitPState",
	"FirstState",
};


[DEBUG]2025-06-24 15:22:54,700: 
static const char *StateNames[] = {
	"InitPState",
	"FirstState",
};


[DEBUG]2025-06-24 15:22:54,700: 
static const char *StateNames[] = {
	"InitPState",
	"FirstState",
};


[DEBUG]2025-06-24 15:22:54,700: 
static const char *StateNames[] = {
	"InitPState",
	"FirstState",
};


[DEBUG]2025-06-24 15:22:54,700: 
static const char *StateNames[] = {
	"InitPState",
	"FirstState",
};


[DEBUG]2025-06-24 15:22:54,700: 
static const char *StateNames[] = {
	"InitPState",
	"FirstState",
};


[DEBUG]2025-06-24 15:22:54,700: 
static const char *StateNames[] = {
	"InitPState",
	"FirstState",
};


[DEBUG]2025-06-24 15:22:54,700: 
static const char *StateNames[] = {
	"InitPState",
	"FirstState",
};


[DEBUG]2025-06-24 15:22:54,700: 
static const char *StateNames[] = {
	"InitPState",
	"FirstState",
};


[DEBUG]2025-06-24 15:22:54,700: 
static const char *StateNames[] = {
	"InitPState",
	"FirstState",
};


[DEBUG]2025-06-24 15:22:54,700: 
static const char *StateNames[] = {
	"InitPState",
	"FirstState",
};


[DEBUG]2025-06-24 15:22:54,700: 
static const char *StateNames[] = {
	"InitPState",
	"FirstState",
};


[DEBUG]2025-06-24 15:22:54,700: 
static const char *StateNames[] = {
	"InitPState",
	"FirstState",
};


[DEBUG]2025-06-24 15:22:54,700: 
static const char *StateNames[] = {
	"InitPState",
	"FirstState",
};


[DEBUG]2025-06-24 15:22:54,703: <re.Match object; span=(1568, 1645), match='typedef enum {\n    InitPSubState,\n    SubFirstS>
[DEBUG]2025-06-24 15:22:54,703: <re.Match object; span=(1568, 1645), match='typedef enum {\n    InitPSubState,\n    SubFirstS>
[DEBUG]2025-06-24 15:22:54,703: <re.Match object; span=(1568, 1645), match='typedef enum {\n    InitPSubState,\n    SubFirstS>
[DEBUG]2025-06-24 15:22:54,703: <re.Match object; span=(1568, 1645), match='typedef enum {\n    InitPSubState,\n    SubFirstS>
[DEBUG]2025-06-24 15:22:54,703: <re.Match object; span=(1568, 1645), match='typedef enum {\n    InitPSubState,\n    SubFirstS>
[DEBUG]2025-06-24 15:22:54,703: <re.Match object; span=(1568, 1645), match='typedef enum {\n    InitPSubState,\n    SubFirstS>
[DEBUG]2025-06-24 15:22:54,703: <re.Match object; span=(1568, 1645), match='typedef enum {\n    InitPSubState,\n    SubFirstS>
[DEBUG]2025-06-24 15:22:54,703: <re.Match object; span=(1568, 1645), match='typedef enum {\n    InitPSubState,\n    SubFirstS>
[DEBUG]2025-06-24 15:22:54,703: <re.Match object; span=(1568, 1645), match='typedef enum {\n    InitPSubState,\n    SubFirstS>
[DEBUG]2025-06-24 15:22:54,703: <re.Match object; span=(1568, 1645), match='typedef enum {\n    InitPSubState,\n    SubFirstS>
[DEBUG]2025-06-24 15:22:54,703: <re.Match object; span=(1568, 1645), match='typedef enum {\n    InitPSubState,\n    SubFirstS>
[DEBUG]2025-06-24 15:22:54,703: <re.Match object; span=(1568, 1645), match='typedef enum {\n    InitPSubState,\n    SubFirstS>
[DEBUG]2025-06-24 15:22:54,703: <re.Match object; span=(1568, 1645), match='typedef enum {\n    InitPSubState,\n    SubFirstS>
[DEBUG]2025-06-24 15:22:54,703: <re.Match object; span=(1568, 1645), match='typedef enum {\n    InitPSubState,\n    SubFirstS>
[DEBUG]2025-06-24 15:22:54,703: <re.Match object; span=(1568, 1645), match='typedef enum {\n    InitPSubState,\n    SubFirstS>
[DEBUG]2025-06-24 15:22:54,703: <re.Match object; span=(1568, 1645), match='typedef enum {\n    InitPSubState,\n    SubFirstS>
[DEBUG]2025-06-24 15:22:54,703: <re.Match object; span=(1568, 1645), match='typedef enum {\n    InitPSubState,\n    SubFirstS>
[DEBUG]2025-06-24 15:22:54,703: <re.Match object; span=(1568, 1645), match='typedef enum {\n    InitPSubState,\n    SubFirstS>
[DEBUG]2025-06-24 15:22:54,703: <re.Match object; span=(1568, 1645), match='typedef enum {\n    InitPSubState,\n    SubFirstS>
[DEBUG]2025-06-24 15:22:54,703: <re.Match object; span=(1568, 1645), match='typedef enum {\n    InitPSubState,\n    SubFirstS>
[DEBUG]2025-06-24 15:22:54,704: ['InitPSubState', 'SubFirstState']
[DEBUG]2025-06-24 15:22:54,704: ['InitPSubState', 'SubFirstState']
[DEBUG]2025-06-24 15:22:54,704: ['InitPSubState', 'SubFirstState']
[DEBUG]2025-06-24 15:22:54,704: ['InitPSubState', 'SubFirstState']
[DEBUG]2025-06-24 15:22:54,704: ['InitPSubState', 'SubFirstState']
[DEBUG]2025-06-24 15:22:54,704: ['InitPSubState', 'SubFirstState']
[DEBUG]2025-06-24 15:22:54,704: ['InitPSubState', 'SubFirstState']
[DEBUG]2025-06-24 15:22:54,704: ['InitPSubState', 'SubFirstState']
[DEBUG]2025-06-24 15:22:54,704: ['InitPSubState', 'SubFirstState']
[DEBUG]2025-06-24 15:22:54,704: ['InitPSubState', 'SubFirstState']
[DEBUG]2025-06-24 15:22:54,704: ['InitPSubState', 'SubFirstState']
[DEBUG]2025-06-24 15:22:54,704: ['InitPSubState', 'SubFirstState']
[DEBUG]2025-06-24 15:22:54,704: ['InitPSubState', 'SubFirstState']
[DEBUG]2025-06-24 15:22:54,704: ['InitPSubState', 'SubFirstState']
[DEBUG]2025-06-24 15:22:54,704: ['InitPSubState', 'SubFirstState']
[DEBUG]2025-06-24 15:22:54,704: ['InitPSubState', 'SubFirstState']
[DEBUG]2025-06-24 15:22:54,704: ['InitPSubState', 'SubFirstState']
[DEBUG]2025-06-24 15:22:54,704: ['InitPSubState', 'SubFirstState']
[DEBUG]2025-06-24 15:22:54,704: ['InitPSubState', 'SubFirstState']
[DEBUG]2025-06-24 15:22:54,704: ['InitPSubState', 'SubFirstState']
[DEBUG]2025-06-24 15:22:54,704: 
static const char *StateNames[] = {
	"InitPSubState",
	"SubFirstState",
};


[DEBUG]2025-06-24 15:22:54,704: 
static const char *StateNames[] = {
	"InitPSubState",
	"SubFirstState",
};


[DEBUG]2025-06-24 15:22:54,704: 
static const char *StateNames[] = {
	"InitPSubState",
	"SubFirstState",
};


[DEBUG]2025-06-24 15:22:54,704: 
static const char *StateNames[] = {
	"InitPSubState",
	"SubFirstState",
};


[DEBUG]2025-06-24 15:22:54,704: 
static const char *StateNames[] = {
	"InitPSubState",
	"SubFirstState",
};


[DEBUG]2025-06-24 15:22:54,704: 
static const char *StateNames[] = {
	"InitPSubState",
	"SubFirstState",
};


[DEBUG]2025-06-24 15:22:54,704: 
static const char *StateNames[] = {
	"InitPSubState",
	"SubFirstState",
};


[DEBUG]2025-06-24 15:22:54,704: 
static const char *StateNames[] = {
	"InitPSubState",
	"SubFirstState",
};


[DEBUG]2025-06-24 15:22:54,704: 
static const char *StateNames[] = {
	"InitPSubState",
	"SubFirstState",
};


[DEBUG]2025-06-24 15:22:54,704: 
static const char *StateNames[] = {
	"InitPSubState",
	"SubFirstState",
};


[DEBUG]2025-06-24 15:22:54,704: 
static const char *StateNames[] = {
	"InitPSubState",
	"SubFirstState",
};


[DEBUG]2025-06-24 15:22:54,704: 
static const char *StateNames[] = {
	"InitPSubState",
	"SubFirstState",
};


[DEBUG]2025-06-24 15:22:54,704: 
static const char *StateNames[] = {
	"InitPSubState",
	"SubFirstState",
};


[DEBUG]2025-06-24 15:22:54,704: 
static const char *StateNames[] = {
	"InitPSubState",
	"SubFirstState",
};


[DEBUG]2025-06-24 15:22:54,704: 
static const char *StateNames[] = {
	"InitPSubState",
	"SubFirstState",
};


[DEBUG]2025-06-24 15:22:54,704: 
static const char *StateNames[] = {
	"InitPSubState",
	"SubFirstState",
};


[DEBUG]2025-06-24 15:22:54,704: 
static const char *StateNames[] = {
	"InitPSubState",
	"SubFirstState",
};


[DEBUG]2025-06-24 15:22:54,704: 
static const char *StateNames[] = {
	"InitPSubState",
	"SubFirstState",
};


[DEBUG]2025-06-24 15:22:54,704: 
static const char *StateNames[] = {
	"InitPSubState",
	"SubFirstState",
};


[DEBUG]2025-06-24 15:22:54,704: 
static const char *StateNames[] = {
	"InitPSubState",
	"SubFirstState",
};


[DEBUG]2025-06-24 15:25:33,618: <re.Match object; span=(1090, 1783), match='typedef enum {\n    ES_NO_EVENT, ES_ERROR, /* use>
[DEBUG]2025-06-24 15:25:33,618: ['ES_NO_EVENT', 'ES_ERROR', 'ES_INIT', 'ES_ENTRY', 'ES_EXIT', 'ES_KEYINPUT', 'ES_LISTEVENTS', 'ES_TIMEOUT', 'ES_TIMERACTIVE', 'ES_TIMERSTOPPED', 'BATTERY_CONNECTED', 'BATTERY_DISCONNECTED', 'NUMBEROFEVENTS']
[DEBUG]2025-06-24 15:25:33,619: 
static const char *EventNames[] = {
	"ES_NO_EVENT",
	"ES_ERROR",
	"ES_INIT",
	"ES_ENTRY",
	"ES_EXIT",
	"ES_KEYINPUT",
	"ES_LISTEVENTS",
	"ES_TIMEOUT",
	"ES_TIMERACTIVE",
	"ES_TIMERSTOPPED",
	"BATTERY_CONNECTED",
	"BATTERY_DISCONNECTED",
	"NUMBEROFEVENTS",
};


[DEBUG]2025-06-24 15:25:33,624: None
[DEBUG]2025-06-24 15:25:33,624: None
[DEBUG]2025-06-24 15:25:33,625: None
[DEBUG]2025-06-24 15:25:33,625: None
[DEBUG]2025-06-24 15:25:33,625: None
[DEBUG]2025-06-24 15:25:33,628: None
[DEBUG]2025-06-24 15:25:33,628: None
[DEBUG]2025-06-24 15:25:33,628: None
[DEBUG]2025-06-24 15:25:33,628: None
[DEBUG]2025-06-24 15:25:33,630: None
[DEBUG]2025-06-24 15:25:33,630: None
[DEBUG]2025-06-24 15:25:33,630: None
[DEBUG]2025-06-24 15:25:33,630: None
[DEBUG]2025-06-24 15:25:33,630: None
[DEBUG]2025-06-24 15:25:33,632: None
[DEBUG]2025-06-24 15:25:33,632: None
[DEBUG]2025-06-24 15:25:33,632: None
[DEBUG]2025-06-24 15:25:33,632: None
[DEBUG]2025-06-24 15:25:33,632: None
[DEBUG]2025-06-24 15:25:33,632: None
[DEBUG]2025-06-24 15:25:33,634: None
[DEBUG]2025-06-24 15:25:33,634: None
[DEBUG]2025-06-24 15:25:33,634: None
[DEBUG]2025-06-24 15:25:33,634: None
[DEBUG]2025-06-24 15:25:33,634: None
[DEBUG]2025-06-24 15:25:33,634: None
[DEBUG]2025-06-24 15:25:33,634: None
[DEBUG]2025-06-24 15:25:33,636: None
[DEBUG]2025-06-24 15:25:33,636: None
[DEBUG]2025-06-24 15:25:33,636: None
[DEBUG]2025-06-24 15:25:33,636: None
[DEBUG]2025-06-24 15:25:33,636: None
[DEBUG]2025-06-24 15:25:33,636: None
[DEBUG]2025-06-24 15:25:33,636: None
[DEBUG]2025-06-24 15:25:33,636: None
[DEBUG]2025-06-24 15:25:33,637: None
[DEBUG]2025-06-24 15:25:33,637: None
[DEBUG]2025-06-24 15:25:33,637: None
[DEBUG]2025-06-24 15:25:33,637: None
[DEBUG]2025-06-24 15:25:33,637: None
[DEBUG]2025-06-24 15:25:33,637: None
[DEBUG]2025-06-24 15:25:33,637: None
[DEBUG]2025-06-24 15:25:33,637: None
[DEBUG]2025-06-24 15:25:33,637: None
[DEBUG]2025-06-24 15:25:33,639: None
[DEBUG]2025-06-24 15:25:33,639: None
[DEBUG]2025-06-24 15:25:33,639: None
[DEBUG]2025-06-24 15:25:33,639: None
[DEBUG]2025-06-24 15:25:33,639: None
[DEBUG]2025-06-24 15:25:33,639: None
[DEBUG]2025-06-24 15:25:33,639: None
[DEBUG]2025-06-24 15:25:33,639: None
[DEBUG]2025-06-24 15:25:33,639: None
[DEBUG]2025-06-24 15:25:33,639: None
[DEBUG]2025-06-24 15:25:33,641: None
[DEBUG]2025-06-24 15:25:33,641: None
[DEBUG]2025-06-24 15:25:33,641: None
[DEBUG]2025-06-24 15:25:33,641: None
[DEBUG]2025-06-24 15:25:33,641: None
[DEBUG]2025-06-24 15:25:33,641: None
[DEBUG]2025-06-24 15:25:33,641: None
[DEBUG]2025-06-24 15:25:33,641: None
[DEBUG]2025-06-24 15:25:33,641: None
[DEBUG]2025-06-24 15:25:33,641: None
[DEBUG]2025-06-24 15:25:33,641: None
[DEBUG]2025-06-24 15:25:33,644: None
[DEBUG]2025-06-24 15:25:33,644: None
[DEBUG]2025-06-24 15:25:33,644: None
[DEBUG]2025-06-24 15:25:33,644: None
[DEBUG]2025-06-24 15:25:33,644: None
[DEBUG]2025-06-24 15:25:33,644: None
[DEBUG]2025-06-24 15:25:33,644: None
[DEBUG]2025-06-24 15:25:33,644: None
[DEBUG]2025-06-24 15:25:33,644: None
[DEBUG]2025-06-24 15:25:33,644: None
[DEBUG]2025-06-24 15:25:33,644: None
[DEBUG]2025-06-24 15:25:33,644: None
[DEBUG]2025-06-24 15:25:33,647: None
[DEBUG]2025-06-24 15:25:33,647: None
[DEBUG]2025-06-24 15:25:33,647: None
[DEBUG]2025-06-24 15:25:33,647: None
[DEBUG]2025-06-24 15:25:33,647: None
[DEBUG]2025-06-24 15:25:33,647: None
[DEBUG]2025-06-24 15:25:33,647: None
[DEBUG]2025-06-24 15:25:33,647: None
[DEBUG]2025-06-24 15:25:33,647: None
[DEBUG]2025-06-24 15:25:33,647: None
[DEBUG]2025-06-24 15:25:33,647: None
[DEBUG]2025-06-24 15:25:33,647: None
[DEBUG]2025-06-24 15:25:33,647: None
[DEBUG]2025-06-24 15:25:33,650: None
[DEBUG]2025-06-24 15:25:33,650: None
[DEBUG]2025-06-24 15:25:33,650: None
[DEBUG]2025-06-24 15:25:33,650: None
[DEBUG]2025-06-24 15:25:33,650: None
[DEBUG]2025-06-24 15:25:33,650: None
[DEBUG]2025-06-24 15:25:33,650: None
[DEBUG]2025-06-24 15:25:33,650: None
[DEBUG]2025-06-24 15:25:33,650: None
[DEBUG]2025-06-24 15:25:33,650: None
[DEBUG]2025-06-24 15:25:33,650: None
[DEBUG]2025-06-24 15:25:33,650: None
[DEBUG]2025-06-24 15:25:33,650: None
[DEBUG]2025-06-24 15:25:33,650: None
[DEBUG]2025-06-24 15:25:33,652: None
[DEBUG]2025-06-24 15:25:33,652: None
[DEBUG]2025-06-24 15:25:33,652: None
[DEBUG]2025-06-24 15:25:33,652: None
[DEBUG]2025-06-24 15:25:33,652: None
[DEBUG]2025-06-24 15:25:33,652: None
[DEBUG]2025-06-24 15:25:33,652: None
[DEBUG]2025-06-24 15:25:33,652: None
[DEBUG]2025-06-24 15:25:33,652: None
[DEBUG]2025-06-24 15:25:33,652: None
[DEBUG]2025-06-24 15:25:33,652: None
[DEBUG]2025-06-24 15:25:33,652: None
[DEBUG]2025-06-24 15:25:33,652: None
[DEBUG]2025-06-24 15:25:33,652: None
[DEBUG]2025-06-24 15:25:33,652: None
[DEBUG]2025-06-24 15:25:33,654: None
[DEBUG]2025-06-24 15:25:33,654: None
[DEBUG]2025-06-24 15:25:33,654: None
[DEBUG]2025-06-24 15:25:33,654: None
[DEBUG]2025-06-24 15:25:33,654: None
[DEBUG]2025-06-24 15:25:33,654: None
[DEBUG]2025-06-24 15:25:33,654: None
[DEBUG]2025-06-24 15:25:33,654: None
[DEBUG]2025-06-24 15:25:33,654: None
[DEBUG]2025-06-24 15:25:33,654: None
[DEBUG]2025-06-24 15:25:33,654: None
[DEBUG]2025-06-24 15:25:33,654: None
[DEBUG]2025-06-24 15:25:33,654: None
[DEBUG]2025-06-24 15:25:33,654: None
[DEBUG]2025-06-24 15:25:33,654: None
[DEBUG]2025-06-24 15:25:33,654: None
[DEBUG]2025-06-24 15:25:33,656: None
[DEBUG]2025-06-24 15:25:33,656: None
[DEBUG]2025-06-24 15:25:33,656: None
[DEBUG]2025-06-24 15:25:33,656: None
[DEBUG]2025-06-24 15:25:33,656: None
[DEBUG]2025-06-24 15:25:33,656: None
[DEBUG]2025-06-24 15:25:33,656: None
[DEBUG]2025-06-24 15:25:33,656: None
[DEBUG]2025-06-24 15:25:33,656: None
[DEBUG]2025-06-24 15:25:33,656: None
[DEBUG]2025-06-24 15:25:33,656: None
[DEBUG]2025-06-24 15:25:33,656: None
[DEBUG]2025-06-24 15:25:33,656: None
[DEBUG]2025-06-24 15:25:33,656: None
[DEBUG]2025-06-24 15:25:33,656: None
[DEBUG]2025-06-24 15:25:33,656: None
[DEBUG]2025-06-24 15:25:33,656: None
[DEBUG]2025-06-24 15:25:33,658: None
[DEBUG]2025-06-24 15:25:33,658: None
[DEBUG]2025-06-24 15:25:33,658: None
[DEBUG]2025-06-24 15:25:33,658: None
[DEBUG]2025-06-24 15:25:33,658: None
[DEBUG]2025-06-24 15:25:33,658: None
[DEBUG]2025-06-24 15:25:33,658: None
[DEBUG]2025-06-24 15:25:33,658: None
[DEBUG]2025-06-24 15:25:33,658: None
[DEBUG]2025-06-24 15:25:33,658: None
[DEBUG]2025-06-24 15:25:33,658: None
[DEBUG]2025-06-24 15:25:33,658: None
[DEBUG]2025-06-24 15:25:33,658: None
[DEBUG]2025-06-24 15:25:33,658: None
[DEBUG]2025-06-24 15:25:33,658: None
[DEBUG]2025-06-24 15:25:33,658: None
[DEBUG]2025-06-24 15:25:33,658: None
[DEBUG]2025-06-24 15:25:33,658: None
[DEBUG]2025-06-24 15:25:33,660: <re.Match object; span=(2010, 2078), match='typedef enum {\n    InitPState,\n    FirstState,\>
[DEBUG]2025-06-24 15:25:33,660: <re.Match object; span=(2010, 2078), match='typedef enum {\n    InitPState,\n    FirstState,\>
[DEBUG]2025-06-24 15:25:33,660: <re.Match object; span=(2010, 2078), match='typedef enum {\n    InitPState,\n    FirstState,\>
[DEBUG]2025-06-24 15:25:33,660: <re.Match object; span=(2010, 2078), match='typedef enum {\n    InitPState,\n    FirstState,\>
[DEBUG]2025-06-24 15:25:33,660: <re.Match object; span=(2010, 2078), match='typedef enum {\n    InitPState,\n    FirstState,\>
[DEBUG]2025-06-24 15:25:33,660: <re.Match object; span=(2010, 2078), match='typedef enum {\n    InitPState,\n    FirstState,\>
[DEBUG]2025-06-24 15:25:33,660: <re.Match object; span=(2010, 2078), match='typedef enum {\n    InitPState,\n    FirstState,\>
[DEBUG]2025-06-24 15:25:33,660: <re.Match object; span=(2010, 2078), match='typedef enum {\n    InitPState,\n    FirstState,\>
[DEBUG]2025-06-24 15:25:33,660: <re.Match object; span=(2010, 2078), match='typedef enum {\n    InitPState,\n    FirstState,\>
[DEBUG]2025-06-24 15:25:33,660: <re.Match object; span=(2010, 2078), match='typedef enum {\n    InitPState,\n    FirstState,\>
[DEBUG]2025-06-24 15:25:33,660: <re.Match object; span=(2010, 2078), match='typedef enum {\n    InitPState,\n    FirstState,\>
[DEBUG]2025-06-24 15:25:33,660: <re.Match object; span=(2010, 2078), match='typedef enum {\n    InitPState,\n    FirstState,\>
[DEBUG]2025-06-24 15:25:33,660: <re.Match object; span=(2010, 2078), match='typedef enum {\n    InitPState,\n    FirstState,\>
[DEBUG]2025-06-24 15:25:33,660: <re.Match object; span=(2010, 2078), match='typedef enum {\n    InitPState,\n    FirstState,\>
[DEBUG]2025-06-24 15:25:33,660: <re.Match object; span=(2010, 2078), match='typedef enum {\n    InitPState,\n    FirstState,\>
[DEBUG]2025-06-24 15:25:33,660: <re.Match object; span=(2010, 2078), match='typedef enum {\n    InitPState,\n    FirstState,\>
[DEBUG]2025-06-24 15:25:33,660: <re.Match object; span=(2010, 2078), match='typedef enum {\n    InitPState,\n    FirstState,\>
[DEBUG]2025-06-24 15:25:33,660: <re.Match object; span=(2010, 2078), match='typedef enum {\n    InitPState,\n    FirstState,\>
[DEBUG]2025-06-24 15:25:33,660: <re.Match object; span=(2010, 2078), match='typedef enum {\n    InitPState,\n    FirstState,\>
[DEBUG]2025-06-24 15:25:33,662: ['InitPState', 'FirstState']
[DEBUG]2025-06-24 15:25:33,662: ['InitPState', 'FirstState']
[DEBUG]2025-06-24 15:25:33,662: ['InitPState', 'FirstState']
[DEBUG]2025-06-24 15:25:33,662: ['InitPState', 'FirstState']
[DEBUG]2025-06-24 15:25:33,662: ['InitPState', 'FirstState']
[DEBUG]2025-06-24 15:25:33,662: ['InitPState', 'FirstState']
[DEBUG]2025-06-24 15:25:33,662: ['InitPState', 'FirstState']
[DEBUG]2025-06-24 15:25:33,662: ['InitPState', 'FirstState']
[DEBUG]2025-06-24 15:25:33,662: ['InitPState', 'FirstState']
[DEBUG]2025-06-24 15:25:33,662: ['InitPState', 'FirstState']
[DEBUG]2025-06-24 15:25:33,662: ['InitPState', 'FirstState']
[DEBUG]2025-06-24 15:25:33,662: ['InitPState', 'FirstState']
[DEBUG]2025-06-24 15:25:33,662: ['InitPState', 'FirstState']
[DEBUG]2025-06-24 15:25:33,662: ['InitPState', 'FirstState']
[DEBUG]2025-06-24 15:25:33,662: ['InitPState', 'FirstState']
[DEBUG]2025-06-24 15:25:33,662: ['InitPState', 'FirstState']
[DEBUG]2025-06-24 15:25:33,662: ['InitPState', 'FirstState']
[DEBUG]2025-06-24 15:25:33,662: ['InitPState', 'FirstState']
[DEBUG]2025-06-24 15:25:33,662: ['InitPState', 'FirstState']
[DEBUG]2025-06-24 15:25:33,663: 
static const char *StateNames[] = {
	"InitPState",
	"FirstState",
};


[DEBUG]2025-06-24 15:25:33,663: 
static const char *StateNames[] = {
	"InitPState",
	"FirstState",
};


[DEBUG]2025-06-24 15:25:33,663: 
static const char *StateNames[] = {
	"InitPState",
	"FirstState",
};


[DEBUG]2025-06-24 15:25:33,663: 
static const char *StateNames[] = {
	"InitPState",
	"FirstState",
};


[DEBUG]2025-06-24 15:25:33,663: 
static const char *StateNames[] = {
	"InitPState",
	"FirstState",
};


[DEBUG]2025-06-24 15:25:33,663: 
static const char *StateNames[] = {
	"InitPState",
	"FirstState",
};


[DEBUG]2025-06-24 15:25:33,663: 
static const char *StateNames[] = {
	"InitPState",
	"FirstState",
};


[DEBUG]2025-06-24 15:25:33,663: 
static const char *StateNames[] = {
	"InitPState",
	"FirstState",
};


[DEBUG]2025-06-24 15:25:33,663: 
static const char *StateNames[] = {
	"InitPState",
	"FirstState",
};


[DEBUG]2025-06-24 15:25:33,663: 
static const char *StateNames[] = {
	"InitPState",
	"FirstState",
};


[DEBUG]2025-06-24 15:25:33,663: 
static const char *StateNames[] = {
	"InitPState",
	"FirstState",
};


[DEBUG]2025-06-24 15:25:33,663: 
static const char *StateNames[] = {
	"InitPState",
	"FirstState",
};


[DEBUG]2025-06-24 15:25:33,663: 
static const char *StateNames[] = {
	"InitPState",
	"FirstState",
};


[DEBUG]2025-06-24 15:25:33,663: 
static const char *StateNames[] = {
	"InitPState",
	"FirstState",
};


[DEBUG]2025-06-24 15:25:33,663: 
static const char *StateNames[] = {
	"InitPState",
	"FirstState",
};


[DEBUG]2025-06-24 15:25:33,663: 
static const char *StateNames[] = {
	"InitPState",
	"FirstState",
};


[DEBUG]2025-06-24 15:25:33,663: 
static const char *StateNames[] = {
	"InitPState",
	"FirstState",
};


[DEBUG]2025-06-24 15:25:33,663: 
static const char *StateNames[] = {
	"InitPState",
	"FirstState",
};


[DEBUG]2025-06-24 15:25:33,663: 
static const char *StateNames[] = {
	"InitPState",
	"FirstState",
};


[DEBUG]2025-06-24 15:25:33,666: <re.Match object; span=(1568, 1645), match='typedef enum {\n    InitPSubState,\n    SubFirstS>
[DEBUG]2025-06-24 15:25:33,666: <re.Match object; span=(1568, 1645), match='typedef enum {\n    InitPSubState,\n    SubFirstS>
[DEBUG]2025-06-24 15:25:33,666: <re.Match object; span=(1568, 1645), match='typedef enum {\n    InitPSubState,\n    SubFirstS>
[DEBUG]2025-06-24 15:25:33,666: <re.Match object; span=(1568, 1645), match='typedef enum {\n    InitPSubState,\n    SubFirstS>
[DEBUG]2025-06-24 15:25:33,666: <re.Match object; span=(1568, 1645), match='typedef enum {\n    InitPSubState,\n    SubFirstS>
[DEBUG]2025-06-24 15:25:33,666: <re.Match object; span=(1568, 1645), match='typedef enum {\n    InitPSubState,\n    SubFirstS>
[DEBUG]2025-06-24 15:25:33,666: <re.Match object; span=(1568, 1645), match='typedef enum {\n    InitPSubState,\n    SubFirstS>
[DEBUG]2025-06-24 15:25:33,666: <re.Match object; span=(1568, 1645), match='typedef enum {\n    InitPSubState,\n    SubFirstS>
[DEBUG]2025-06-24 15:25:33,666: <re.Match object; span=(1568, 1645), match='typedef enum {\n    InitPSubState,\n    SubFirstS>
[DEBUG]2025-06-24 15:25:33,666: <re.Match object; span=(1568, 1645), match='typedef enum {\n    InitPSubState,\n    SubFirstS>
[DEBUG]2025-06-24 15:25:33,666: <re.Match object; span=(1568, 1645), match='typedef enum {\n    InitPSubState,\n    SubFirstS>
[DEBUG]2025-06-24 15:25:33,666: <re.Match object; span=(1568, 1645), match='typedef enum {\n    InitPSubState,\n    SubFirstS>
[DEBUG]2025-06-24 15:25:33,666: <re.Match object; span=(1568, 1645), match='typedef enum {\n    InitPSubState,\n    SubFirstS>
[DEBUG]2025-06-24 15:25:33,666: <re.Match object; span=(1568, 1645), match='typedef enum {\n    InitPSubState,\n    SubFirstS>
[DEBUG]2025-06-24 15:25:33,666: <re.Match object; span=(1568, 1645), match='typedef enum {\n    InitPSubState,\n    SubFirstS>
[DEBUG]2025-06-24 15:25:33,666: <re.Match object; span=(1568, 1645), match='typedef enum {\n    InitPSubState,\n    SubFirstS>
[DEBUG]2025-06-24 15:25:33,666: <re.Match object; span=(1568, 1645), match='typedef enum {\n    InitPSubState,\n    SubFirstS>
[DEBUG]2025-06-24 15:25:33,666: <re.Match object; span=(1568, 1645), match='typedef enum {\n    InitPSubState,\n    SubFirstS>
[DEBUG]2025-06-24 15:25:33,666: <re.Match object; span=(1568, 1645), match='typedef enum {\n    InitPSubState,\n    SubFirstS>
[DEBUG]2025-06-24 15:25:33,666: <re.Match object; span=(1568, 1645), match='typedef enum {\n    InitPSubState,\n    SubFirstS>
[DEBUG]2025-06-24 15:25:33,667: ['InitPSubState', 'SubFirstState']
[DEBUG]2025-06-24 15:25:33,667: ['InitPSubState', 'SubFirstState']
[DEBUG]2025-06-24 15:25:33,667: ['InitPSubState', 'SubFirstState']
[DEBUG]2025-06-24 15:25:33,667: ['InitPSubState', 'SubFirstState']
[DEBUG]2025-06-24 15:25:33,667: ['InitPSubState', 'SubFirstState']
[DEBUG]2025-06-24 15:25:33,667: ['InitPSubState', 'SubFirstState']
[DEBUG]2025-06-24 15:25:33,667: ['InitPSubState', 'SubFirstState']
[DEBUG]2025-06-24 15:25:33,667: ['InitPSubState', 'SubFirstState']
[DEBUG]2025-06-24 15:25:33,667: ['InitPSubState', 'SubFirstState']
[DEBUG]2025-06-24 15:25:33,667: ['InitPSubState', 'SubFirstState']
[DEBUG]2025-06-24 15:25:33,667: ['InitPSubState', 'SubFirstState']
[DEBUG]2025-06-24 15:25:33,667: ['InitPSubState', 'SubFirstState']
[DEBUG]2025-06-24 15:25:33,667: ['InitPSubState', 'SubFirstState']
[DEBUG]2025-06-24 15:25:33,667: ['InitPSubState', 'SubFirstState']
[DEBUG]2025-06-24 15:25:33,667: ['InitPSubState', 'SubFirstState']
[DEBUG]2025-06-24 15:25:33,667: ['InitPSubState', 'SubFirstState']
[DEBUG]2025-06-24 15:25:33,667: ['InitPSubState', 'SubFirstState']
[DEBUG]2025-06-24 15:25:33,667: ['InitPSubState', 'SubFirstState']
[DEBUG]2025-06-24 15:25:33,667: ['InitPSubState', 'SubFirstState']
[DEBUG]2025-06-24 15:25:33,667: ['InitPSubState', 'SubFirstState']
[DEBUG]2025-06-24 15:25:33,668: 
static const char *StateNames[] = {
	"InitPSubState",
	"SubFirstState",
};


[DEBUG]2025-06-24 15:25:33,668: 
static const char *StateNames[] = {
	"InitPSubState",
	"SubFirstState",
};


[DEBUG]2025-06-24 15:25:33,668: 
static const char *StateNames[] = {
	"InitPSubState",
	"SubFirstState",
};


[DEBUG]2025-06-24 15:25:33,668: 
static const char *StateNames[] = {
	"InitPSubState",
	"SubFirstState",
};


[DEBUG]2025-06-24 15:25:33,668: 
static const char *StateNames[] = {
	"InitPSubState",
	"SubFirstState",
};


[DEBUG]2025-06-24 15:25:33,668: 
static const char *StateNames[] = {
	"InitPSubState",
	"SubFirstState",
};


[DEBUG]2025-06-24 15:25:33,668: 
static const char *StateNames[] = {
	"InitPSubState",
	"SubFirstState",
};


[DEBUG]2025-06-24 15:25:33,668: 
static const char *StateNames[] = {
	"InitPSubState",
	"SubFirstState",
};


[DEBUG]2025-06-24 15:25:33,668: 
static const char *StateNames[] = {
	"InitPSubState",
	"SubFirstState",
};


[DEBUG]2025-06-24 15:25:33,668: 
static const char *StateNames[] = {
	"InitPSubState",
	"SubFirstState",
};


[DEBUG]2025-06-24 15:25:33,668: 
static const char *StateNames[] = {
	"InitPSubState",
	"SubFirstState",
};


[DEBUG]2025-06-24 15:25:33,668: 
static const char *StateNames[] = {
	"InitPSubState",
	"SubFirstState",
};


[DEBUG]2025-06-24 15:25:33,668: 
static const char *StateNames[] = {
	"InitPSubState",
	"SubFirstState",
};


[DEBUG]2025-06-24 15:25:33,668: 
static const char *StateNames[] = {
	"InitPSubState",
	"SubFirstState",
};


[DEBUG]2025-06-24 15:25:33,668: 
static const char *StateNames[] = {
	"InitPSubState",
	"SubFirstState",
};


[DEBUG]2025-06-24 15:25:33,668: 
static const char *StateNames[] = {
	"InitPSubState",
	"SubFirstState",
};


[DEBUG]2025-06-24 15:25:33,668: 
static const char *StateNames[] = {
	"InitPSubState",
	"SubFirstState",
};


[DEBUG]2025-06-24 15:25:33,668: 
static const char *StateNames[] = {
	"InitPSubState",
	"SubFirstState",
};


[DEBUG]2025-06-24 15:25:33,668: 
static const char *StateNames[] = {
	"InitPSubState",
	"SubFirstState",
};


[DEBUG]2025-06-24 15:25:33,668: 
static const char *StateNames[] = {
	"InitPSubState",
	"SubFirstState",
};


[DEBUG]2025-06-24 15:31:46,384: <re.Match object; span=(1090, 1783), match='typedef enum {\n    ES_NO_EVENT, ES_ERROR, /* use>
[DEBUG]2025-06-24 15:31:46,384: ['ES_NO_EVENT', 'ES_ERROR', 'ES_INIT', 'ES_ENTRY', 'ES_EXIT', 'ES_KEYINPUT', 'ES_LISTEVENTS', 'ES_TIMEOUT', 'ES_TIMERACTIVE', 'ES_TIMERSTOPPED', 'BATTERY_CONNECTED', 'BATTERY_DISCONNECTED', 'NUMBEROFEVENTS']
[DEBUG]2025-06-24 15:31:46,384: 
static const char *EventNames[] = {
	"ES_NO_EVENT",
	"ES_ERROR",
	"ES_INIT",
	"ES_ENTRY",
	"ES_EXIT",
	"ES_KEYINPUT",
	"ES_LISTEVENTS",
	"ES_TIMEOUT",
	"ES_TIMERACTIVE",
	"ES_TIMERSTOPPED",
	"BATTERY_CONNECTED",
	"BATTERY_DISCONNECTED",
	"NUMBEROFEVENTS",
};


[DEBUG]2025-06-24 15:31:46,387: None
[DEBUG]2025-06-24 15:31:46,387: None
[DEBUG]2025-06-24 15:31:46,388: None
[DEBUG]2025-06-24 15:31:46,388: None
[DEBUG]2025-06-24 15:31:46,388: None
[DEBUG]2025-06-24 15:31:46,389: None
[DEBUG]2025-06-24 15:31:46,389: None
[DEBUG]2025-06-24 15:31:46,389: None
[DEBUG]2025-06-24 15:31:46,389: None
[DEBUG]2025-06-24 15:31:46,390: None
[DEBUG]2025-06-24 15:31:46,390: None
[DEBUG]2025-06-24 15:31:46,390: None
[DEBUG]2025-06-24 15:31:46,390: None
[DEBUG]2025-06-24 15:31:46,390: None
[DEBUG]2025-06-24 15:31:46,391: None
[DEBUG]2025-06-24 15:31:46,391: None
[DEBUG]2025-06-24 15:31:46,391: None
[DEBUG]2025-06-24 15:31:46,391: None
[DEBUG]2025-06-24 15:31:46,391: None
[DEBUG]2025-06-24 15:31:46,391: None
[DEBUG]2025-06-24 15:31:46,392: None
[DEBUG]2025-06-24 15:31:46,392: None
[DEBUG]2025-06-24 15:31:46,392: None
[DEBUG]2025-06-24 15:31:46,392: None
[DEBUG]2025-06-24 15:31:46,392: None
[DEBUG]2025-06-24 15:31:46,392: None
[DEBUG]2025-06-24 15:31:46,392: None
[DEBUG]2025-06-24 15:31:46,393: None
[DEBUG]2025-06-24 15:31:46,393: None
[DEBUG]2025-06-24 15:31:46,393: None
[DEBUG]2025-06-24 15:31:46,393: None
[DEBUG]2025-06-24 15:31:46,393: None
[DEBUG]2025-06-24 15:31:46,393: None
[DEBUG]2025-06-24 15:31:46,393: None
[DEBUG]2025-06-24 15:31:46,393: None
[DEBUG]2025-06-24 15:31:46,394: None
[DEBUG]2025-06-24 15:31:46,394: None
[DEBUG]2025-06-24 15:31:46,394: None
[DEBUG]2025-06-24 15:31:46,394: None
[DEBUG]2025-06-24 15:31:46,394: None
[DEBUG]2025-06-24 15:31:46,394: None
[DEBUG]2025-06-24 15:31:46,394: None
[DEBUG]2025-06-24 15:31:46,394: None
[DEBUG]2025-06-24 15:31:46,394: None
[DEBUG]2025-06-24 15:31:46,395: None
[DEBUG]2025-06-24 15:31:46,395: None
[DEBUG]2025-06-24 15:31:46,395: None
[DEBUG]2025-06-24 15:31:46,395: None
[DEBUG]2025-06-24 15:31:46,395: None
[DEBUG]2025-06-24 15:31:46,395: None
[DEBUG]2025-06-24 15:31:46,395: None
[DEBUG]2025-06-24 15:31:46,395: None
[DEBUG]2025-06-24 15:31:46,395: None
[DEBUG]2025-06-24 15:31:46,395: None
[DEBUG]2025-06-24 15:31:46,396: None
[DEBUG]2025-06-24 15:31:46,396: None
[DEBUG]2025-06-24 15:31:46,396: None
[DEBUG]2025-06-24 15:31:46,396: None
[DEBUG]2025-06-24 15:31:46,396: None
[DEBUG]2025-06-24 15:31:46,396: None
[DEBUG]2025-06-24 15:31:46,396: None
[DEBUG]2025-06-24 15:31:46,396: None
[DEBUG]2025-06-24 15:31:46,396: None
[DEBUG]2025-06-24 15:31:46,396: None
[DEBUG]2025-06-24 15:31:46,396: None
[DEBUG]2025-06-24 15:31:46,398: None
[DEBUG]2025-06-24 15:31:46,398: None
[DEBUG]2025-06-24 15:31:46,398: None
[DEBUG]2025-06-24 15:31:46,398: None
[DEBUG]2025-06-24 15:31:46,398: None
[DEBUG]2025-06-24 15:31:46,398: None
[DEBUG]2025-06-24 15:31:46,398: None
[DEBUG]2025-06-24 15:31:46,398: None
[DEBUG]2025-06-24 15:31:46,398: None
[DEBUG]2025-06-24 15:31:46,398: None
[DEBUG]2025-06-24 15:31:46,398: None
[DEBUG]2025-06-24 15:31:46,398: None
[DEBUG]2025-06-24 15:31:46,399: None
[DEBUG]2025-06-24 15:31:46,399: None
[DEBUG]2025-06-24 15:31:46,399: None
[DEBUG]2025-06-24 15:31:46,399: None
[DEBUG]2025-06-24 15:31:46,399: None
[DEBUG]2025-06-24 15:31:46,399: None
[DEBUG]2025-06-24 15:31:46,399: None
[DEBUG]2025-06-24 15:31:46,399: None
[DEBUG]2025-06-24 15:31:46,399: None
[DEBUG]2025-06-24 15:31:46,399: None
[DEBUG]2025-06-24 15:31:46,399: None
[DEBUG]2025-06-24 15:31:46,399: None
[DEBUG]2025-06-24 15:31:46,399: None
[DEBUG]2025-06-24 15:31:46,400: None
[DEBUG]2025-06-24 15:31:46,400: None
[DEBUG]2025-06-24 15:31:46,400: None
[DEBUG]2025-06-24 15:31:46,400: None
[DEBUG]2025-06-24 15:31:46,400: None
[DEBUG]2025-06-24 15:31:46,400: None
[DEBUG]2025-06-24 15:31:46,400: None
[DEBUG]2025-06-24 15:31:46,400: None
[DEBUG]2025-06-24 15:31:46,400: None
[DEBUG]2025-06-24 15:31:46,400: None
[DEBUG]2025-06-24 15:31:46,400: None
[DEBUG]2025-06-24 15:31:46,400: None
[DEBUG]2025-06-24 15:31:46,400: None
[DEBUG]2025-06-24 15:31:46,400: None
[DEBUG]2025-06-24 15:31:46,401: None
[DEBUG]2025-06-24 15:31:46,401: None
[DEBUG]2025-06-24 15:31:46,401: None
[DEBUG]2025-06-24 15:31:46,401: None
[DEBUG]2025-06-24 15:31:46,401: None
[DEBUG]2025-06-24 15:31:46,401: None
[DEBUG]2025-06-24 15:31:46,401: None
[DEBUG]2025-06-24 15:31:46,401: None
[DEBUG]2025-06-24 15:31:46,401: None
[DEBUG]2025-06-24 15:31:46,401: None
[DEBUG]2025-06-24 15:31:46,401: None
[DEBUG]2025-06-24 15:31:46,401: None
[DEBUG]2025-06-24 15:31:46,401: None
[DEBUG]2025-06-24 15:31:46,401: None
[DEBUG]2025-06-24 15:31:46,401: None
[DEBUG]2025-06-24 15:31:46,402: None
[DEBUG]2025-06-24 15:31:46,402: None
[DEBUG]2025-06-24 15:31:46,402: None
[DEBUG]2025-06-24 15:31:46,402: None
[DEBUG]2025-06-24 15:31:46,402: None
[DEBUG]2025-06-24 15:31:46,402: None
[DEBUG]2025-06-24 15:31:46,402: None
[DEBUG]2025-06-24 15:31:46,402: None
[DEBUG]2025-06-24 15:31:46,402: None
[DEBUG]2025-06-24 15:31:46,402: None
[DEBUG]2025-06-24 15:31:46,402: None
[DEBUG]2025-06-24 15:31:46,402: None
[DEBUG]2025-06-24 15:31:46,402: None
[DEBUG]2025-06-24 15:31:46,402: None
[DEBUG]2025-06-24 15:31:46,402: None
[DEBUG]2025-06-24 15:31:46,402: None
[DEBUG]2025-06-24 15:31:46,403: None
[DEBUG]2025-06-24 15:31:46,403: None
[DEBUG]2025-06-24 15:31:46,403: None
[DEBUG]2025-06-24 15:31:46,403: None
[DEBUG]2025-06-24 15:31:46,403: None
[DEBUG]2025-06-24 15:31:46,403: None
[DEBUG]2025-06-24 15:31:46,403: None
[DEBUG]2025-06-24 15:31:46,403: None
[DEBUG]2025-06-24 15:31:46,403: None
[DEBUG]2025-06-24 15:31:46,403: None
[DEBUG]2025-06-24 15:31:46,403: None
[DEBUG]2025-06-24 15:31:46,403: None
[DEBUG]2025-06-24 15:31:46,403: None
[DEBUG]2025-06-24 15:31:46,403: None
[DEBUG]2025-06-24 15:31:46,403: None
[DEBUG]2025-06-24 15:31:46,403: None
[DEBUG]2025-06-24 15:31:46,403: None
[DEBUG]2025-06-24 15:31:46,404: None
[DEBUG]2025-06-24 15:31:46,404: None
[DEBUG]2025-06-24 15:31:46,404: None
[DEBUG]2025-06-24 15:31:46,404: None
[DEBUG]2025-06-24 15:31:46,404: None
[DEBUG]2025-06-24 15:31:46,404: None
[DEBUG]2025-06-24 15:31:46,404: None
[DEBUG]2025-06-24 15:31:46,404: None
[DEBUG]2025-06-24 15:31:46,404: None
[DEBUG]2025-06-24 15:31:46,404: None
[DEBUG]2025-06-24 15:31:46,404: None
[DEBUG]2025-06-24 15:31:46,404: None
[DEBUG]2025-06-24 15:31:46,404: None
[DEBUG]2025-06-24 15:31:46,404: None
[DEBUG]2025-06-24 15:31:46,404: None
[DEBUG]2025-06-24 15:31:46,404: None
[DEBUG]2025-06-24 15:31:46,404: None
[DEBUG]2025-06-24 15:31:46,404: None
[DEBUG]2025-06-24 15:31:46,405: <re.Match object; span=(2010, 2078), match='typedef enum {\n    InitPState,\n    FirstState,\>
[DEBUG]2025-06-24 15:31:46,405: <re.Match object; span=(2010, 2078), match='typedef enum {\n    InitPState,\n    FirstState,\>
[DEBUG]2025-06-24 15:31:46,405: <re.Match object; span=(2010, 2078), match='typedef enum {\n    InitPState,\n    FirstState,\>
[DEBUG]2025-06-24 15:31:46,405: <re.Match object; span=(2010, 2078), match='typedef enum {\n    InitPState,\n    FirstState,\>
[DEBUG]2025-06-24 15:31:46,405: <re.Match object; span=(2010, 2078), match='typedef enum {\n    InitPState,\n    FirstState,\>
[DEBUG]2025-06-24 15:31:46,405: <re.Match object; span=(2010, 2078), match='typedef enum {\n    InitPState,\n    FirstState,\>
[DEBUG]2025-06-24 15:31:46,405: <re.Match object; span=(2010, 2078), match='typedef enum {\n    InitPState,\n    FirstState,\>
[DEBUG]2025-06-24 15:31:46,405: <re.Match object; span=(2010, 2078), match='typedef enum {\n    InitPState,\n    FirstState,\>
[DEBUG]2025-06-24 15:31:46,405: <re.Match object; span=(2010, 2078), match='typedef enum {\n    InitPState,\n    FirstState,\>
[DEBUG]2025-06-24 15:31:46,405: <re.Match object; span=(2010, 2078), match='typedef enum {\n    InitPState,\n    FirstState,\>
[DEBUG]2025-06-24 15:31:46,405: <re.Match object; span=(2010, 2078), match='typedef enum {\n    InitPState,\n    FirstState,\>
[DEBUG]2025-06-24 15:31:46,405: <re.Match object; span=(2010, 2078), match='typedef enum {\n    InitPState,\n    FirstState,\>
[DEBUG]2025-06-24 15:31:46,405: <re.Match object; span=(2010, 2078), match='typedef enum {\n    InitPState,\n    FirstState,\>
[DEBUG]2025-06-24 15:31:46,405: <re.Match object; span=(2010, 2078), match='typedef enum {\n    InitPState,\n    FirstState,\>
[DEBUG]2025-06-24 15:31:46,405: <re.Match object; span=(2010, 2078), match='typedef enum {\n    InitPState,\n    FirstState,\>
[DEBUG]2025-06-24 15:31:46,405: <re.Match object; span=(2010, 2078), match='typedef enum {\n    InitPState,\n    FirstState,\>
[DEBUG]2025-06-24 15:31:46,405: <re.Match object; span=(2010, 2078), match='typedef enum {\n    InitPState,\n    FirstState,\>
[DEBUG]2025-06-24 15:31:46,405: <re.Match object; span=(2010, 2078), match='typedef enum {\n    InitPState,\n    FirstState,\>
[DEBUG]2025-06-24 15:31:46,405: <re.Match object; span=(2010, 2078), match='typedef enum {\n    InitPState,\n    FirstState,\>
[DEBUG]2025-06-24 15:31:46,405: ['InitPState', 'FirstState']
[DEBUG]2025-06-24 15:31:46,405: ['InitPState', 'FirstState']
[DEBUG]2025-06-24 15:31:46,405: ['InitPState', 'FirstState']
[DEBUG]2025-06-24 15:31:46,405: ['InitPState', 'FirstState']
[DEBUG]2025-06-24 15:31:46,405: ['InitPState', 'FirstState']
[DEBUG]2025-06-24 15:31:46,405: ['InitPState', 'FirstState']
[DEBUG]2025-06-24 15:31:46,405: ['InitPState', 'FirstState']
[DEBUG]2025-06-24 15:31:46,405: ['InitPState', 'FirstState']
[DEBUG]2025-06-24 15:31:46,405: ['InitPState', 'FirstState']
[DEBUG]2025-06-24 15:31:46,405: ['InitPState', 'FirstState']
[DEBUG]2025-06-24 15:31:46,405: ['InitPState', 'FirstState']
[DEBUG]2025-06-24 15:31:46,405: ['InitPState', 'FirstState']
[DEBUG]2025-06-24 15:31:46,405: ['InitPState', 'FirstState']
[DEBUG]2025-06-24 15:31:46,405: ['InitPState', 'FirstState']
[DEBUG]2025-06-24 15:31:46,405: ['InitPState', 'FirstState']
[DEBUG]2025-06-24 15:31:46,405: ['InitPState', 'FirstState']
[DEBUG]2025-06-24 15:31:46,405: ['InitPState', 'FirstState']
[DEBUG]2025-06-24 15:31:46,405: ['InitPState', 'FirstState']
[DEBUG]2025-06-24 15:31:46,405: ['InitPState', 'FirstState']
[DEBUG]2025-06-24 15:31:46,405: 
static const char *StateNames[] = {
	"InitPState",
	"FirstState",
};


[DEBUG]2025-06-24 15:31:46,405: 
static const char *StateNames[] = {
	"InitPState",
	"FirstState",
};


[DEBUG]2025-06-24 15:31:46,405: 
static const char *StateNames[] = {
	"InitPState",
	"FirstState",
};


[DEBUG]2025-06-24 15:31:46,405: 
static const char *StateNames[] = {
	"InitPState",
	"FirstState",
};


[DEBUG]2025-06-24 15:31:46,405: 
static const char *StateNames[] = {
	"InitPState",
	"FirstState",
};


[DEBUG]2025-06-24 15:31:46,405: 
static const char *StateNames[] = {
	"InitPState",
	"FirstState",
};


[DEBUG]2025-06-24 15:31:46,405: 
static const char *StateNames[] = {
	"InitPState",
	"FirstState",
};


[DEBUG]2025-06-24 15:31:46,405: 
static const char *StateNames[] = {
	"InitPState",
	"FirstState",
};


[DEBUG]2025-06-24 15:31:46,405: 
static const char *StateNames[] = {
	"InitPState",
	"FirstState",
};


[DEBUG]2025-06-24 15:31:46,405: 
static const char *StateNames[] = {
	"InitPState",
	"FirstState",
};


[DEBUG]2025-06-24 15:31:46,405: 
static const char *StateNames[] = {
	"InitPState",
	"FirstState",
};


[DEBUG]2025-06-24 15:31:46,405: 
static const char *StateNames[] = {
	"InitPState",
	"FirstState",
};


[DEBUG]2025-06-24 15:31:46,405: 
static const char *StateNames[] = {
	"InitPState",
	"FirstState",
};


[DEBUG]2025-06-24 15:31:46,405: 
static const char *StateNames[] = {
	"InitPState",
	"FirstState",
};


[DEBUG]2025-06-24 15:31:46,405: 
static const char *StateNames[] = {
	"InitPState",
	"FirstState",
};


[DEBUG]2025-06-24 15:31:46,405: 
static const char *StateNames[] = {
	"InitPState",
	"FirstState",
};


[DEBUG]2025-06-24 15:31:46,405: 
static const char *StateNames[] = {
	"InitPState",
	"FirstState",
};


[DEBUG]2025-06-24 15:31:46,405: 
static const char *StateNames[] = {
	"InitPState",
	"FirstState",
};


[DEBUG]2025-06-24 15:31:46,405: 
static const char *StateNames[] = {
	"InitPState",
	"FirstState",
};


[DEBUG]2025-06-24 15:31:46,406: <re.Match object; span=(1568, 1645), match='typedef enum {\n    InitPSubState,\n    SubFirstS>
[DEBUG]2025-06-24 15:31:46,406: <re.Match object; span=(1568, 1645), match='typedef enum {\n    InitPSubState,\n    SubFirstS>
[DEBUG]2025-06-24 15:31:46,406: <re.Match object; span=(1568, 1645), match='typedef enum {\n    InitPSubState,\n    SubFirstS>
[DEBUG]2025-06-24 15:31:46,406: <re.Match object; span=(1568, 1645), match='typedef enum {\n    InitPSubState,\n    SubFirstS>
[DEBUG]2025-06-24 15:31:46,406: <re.Match object; span=(1568, 1645), match='typedef enum {\n    InitPSubState,\n    SubFirstS>
[DEBUG]2025-06-24 15:31:46,406: <re.Match object; span=(1568, 1645), match='typedef enum {\n    InitPSubState,\n    SubFirstS>
[DEBUG]2025-06-24 15:31:46,406: <re.Match object; span=(1568, 1645), match='typedef enum {\n    InitPSubState,\n    SubFirstS>
[DEBUG]2025-06-24 15:31:46,406: <re.Match object; span=(1568, 1645), match='typedef enum {\n    InitPSubState,\n    SubFirstS>
[DEBUG]2025-06-24 15:31:46,406: <re.Match object; span=(1568, 1645), match='typedef enum {\n    InitPSubState,\n    SubFirstS>
[DEBUG]2025-06-24 15:31:46,406: <re.Match object; span=(1568, 1645), match='typedef enum {\n    InitPSubState,\n    SubFirstS>
[DEBUG]2025-06-24 15:31:46,406: <re.Match object; span=(1568, 1645), match='typedef enum {\n    InitPSubState,\n    SubFirstS>
[DEBUG]2025-06-24 15:31:46,406: <re.Match object; span=(1568, 1645), match='typedef enum {\n    InitPSubState,\n    SubFirstS>
[DEBUG]2025-06-24 15:31:46,406: <re.Match object; span=(1568, 1645), match='typedef enum {\n    InitPSubState,\n    SubFirstS>
[DEBUG]2025-06-24 15:31:46,406: <re.Match object; span=(1568, 1645), match='typedef enum {\n    InitPSubState,\n    SubFirstS>
[DEBUG]2025-06-24 15:31:46,406: <re.Match object; span=(1568, 1645), match='typedef enum {\n    InitPSubState,\n    SubFirstS>
[DEBUG]2025-06-24 15:31:46,406: <re.Match object; span=(1568, 1645), match='typedef enum {\n    InitPSubState,\n    SubFirstS>
[DEBUG]2025-06-24 15:31:46,406: <re.Match object; span=(1568, 1645), match='typedef enum {\n    InitPSubState,\n    SubFirstS>
[DEBUG]2025-06-24 15:31:46,406: <re.Match object; span=(1568, 1645), match='typedef enum {\n    InitPSubState,\n    SubFirstS>
[DEBUG]2025-06-24 15:31:46,406: <re.Match object; span=(1568, 1645), match='typedef enum {\n    InitPSubState,\n    SubFirstS>
[DEBUG]2025-06-24 15:31:46,406: <re.Match object; span=(1568, 1645), match='typedef enum {\n    InitPSubState,\n    SubFirstS>
[DEBUG]2025-06-24 15:31:46,407: ['InitPSubState', 'SubFirstState']
[DEBUG]2025-06-24 15:31:46,407: ['InitPSubState', 'SubFirstState']
[DEBUG]2025-06-24 15:31:46,407: ['InitPSubState', 'SubFirstState']
[DEBUG]2025-06-24 15:31:46,407: ['InitPSubState', 'SubFirstState']
[DEBUG]2025-06-24 15:31:46,407: ['InitPSubState', 'SubFirstState']
[DEBUG]2025-06-24 15:31:46,407: ['InitPSubState', 'SubFirstState']
[DEBUG]2025-06-24 15:31:46,407: ['InitPSubState', 'SubFirstState']
[DEBUG]2025-06-24 15:31:46,407: ['InitPSubState', 'SubFirstState']
[DEBUG]2025-06-24 15:31:46,407: ['InitPSubState', 'SubFirstState']
[DEBUG]2025-06-24 15:31:46,407: ['InitPSubState', 'SubFirstState']
[DEBUG]2025-06-24 15:31:46,407: ['InitPSubState', 'SubFirstState']
[DEBUG]2025-06-24 15:31:46,407: ['InitPSubState', 'SubFirstState']
[DEBUG]2025-06-24 15:31:46,407: ['InitPSubState', 'SubFirstState']
[DEBUG]2025-06-24 15:31:46,407: ['InitPSubState', 'SubFirstState']
[DEBUG]2025-06-24 15:31:46,407: ['InitPSubState', 'SubFirstState']
[DEBUG]2025-06-24 15:31:46,407: ['InitPSubState', 'SubFirstState']
[DEBUG]2025-06-24 15:31:46,407: ['InitPSubState', 'SubFirstState']
[DEBUG]2025-06-24 15:31:46,407: ['InitPSubState', 'SubFirstState']
[DEBUG]2025-06-24 15:31:46,407: ['InitPSubState', 'SubFirstState']
[DEBUG]2025-06-24 15:31:46,407: ['InitPSubState', 'SubFirstState']
[DEBUG]2025-06-24 15:31:46,407: 
static const char *StateNames[] = {
	"InitPSubState",
	"SubFirstState",
};


[DEBUG]2025-06-24 15:31:46,407: 
static const char *StateNames[] = {
	"InitPSubState",
	"SubFirstState",
};


[DEBUG]2025-06-24 15:31:46,407: 
static const char *StateNames[] = {
	"InitPSubState",
	"SubFirstState",
};


[DEBUG]2025-06-24 15:31:46,407: 
static const char *StateNames[] = {
	"InitPSubState",
	"SubFirstState",
};


[DEBUG]2025-06-24 15:31:46,407: 
static const char *StateNames[] = {
	"InitPSubState",
	"SubFirstState",
};


[DEBUG]2025-06-24 15:31:46,407: 
static const char *StateNames[] = {
	"InitPSubState",
	"SubFirstState",
};


[DEBUG]2025-06-24 15:31:46,407: 
static const char *StateNames[] = {
	"InitPSubState",
	"SubFirstState",
};


[DEBUG]2025-06-24 15:31:46,407: 
static const char *StateNames[] = {
	"InitPSubState",
	"SubFirstState",
};


[DEBUG]2025-06-24 15:31:46,407: 
static const char *StateNames[] = {
	"InitPSubState",
	"SubFirstState",
};


[DEBUG]2025-06-24 15:31:46,407: 
static const char *StateNames[] = {
	"InitPSubState",
	"SubFirstState",
};


[DEBUG]2025-06-24 15:31:46,407: 
static const char *StateNames[] = {
	"InitPSubState",
	"SubFirstState",
};


[DEBUG]2025-06-24 15:31:46,407: 
static const char *StateNames[] = {
	"InitPSubState",
	"SubFirstState",
};


[DEBUG]2025-06-24 15:31:46,407: 
static const char *StateNames[] = {
	"InitPSubState",
	"SubFirstState",
};


[DEBUG]2025-06-24 15:31:46,407: 
static const char *StateNames[] = {
	"InitPSubState",
	"SubFirstState",
};


[DEBUG]2025-06-24 15:31:46,407: 
static const char *StateNames[] = {
	"InitPSubState",
	"SubFirstState",
};


[DEBUG]2025-06-24 15:31:46,407: 
static const char *StateNames[] = {
	"InitPSubState",
	"SubFirstState",
};


[DEBUG]2025-06-24 15:31:46,407: 
static const char *StateNames[] = {
	"InitPSubState",
	"SubFirstState",
};


[DEBUG]2025-06-24 15:31:46,407: 
static const char *StateNames[] = {
	"InitPSubState",
	"SubFirstState",
};


[DEBUG]2025-06-24 15:31:46,407: 
static const char *StateNames[] = {
	"InitPSubState",
	"SubFirstState",
};


[DEBUG]2025-06-24 15:31:46,407: 
static const char *StateNames[] = {
	"InitPSubState",
	"SubFirstState",
};


[DEBUG]2025-06-24 15:31:46,408: None
[DEBUG]2025-06-24 15:31:46,408: None
[DEBUG]2025-06-24 15:31:46,408: None
[DEBUG]2025-06-24 15:31:46,408: None
[DEBUG]2025-06-24 15:31:46,408: None
[DEBUG]2025-06-24 15:31:46,408: None
[DEBUG]2025-06-24 15:31:46,408: None
[DEBUG]2025-06-24 15:31:46,408: None
[DEBUG]2025-06-24 15:31:46,408: None
[DEBUG]2025-06-24 15:31:46,408: None
[DEBUG]2025-06-24 15:31:46,408: None
[DEBUG]2025-06-24 15:31:46,408: None
[DEBUG]2025-06-24 15:31:46,408: None
[DEBUG]2025-06-24 15:31:46,408: None
[DEBUG]2025-06-24 15:31:46,408: None
[DEBUG]2025-06-24 15:31:46,408: None
[DEBUG]2025-06-24 15:31:46,408: None
[DEBUG]2025-06-24 15:31:46,408: None
[DEBUG]2025-06-24 15:31:46,408: None
[DEBUG]2025-06-24 15:31:46,408: None
[DEBUG]2025-06-24 15:31:46,408: None
[DEBUG]2025-06-24 15:31:58,567: <re.Match object; span=(1090, 1783), match='typedef enum {\n    ES_NO_EVENT, ES_ERROR, /* use>
[DEBUG]2025-06-24 15:31:58,568: ['ES_NO_EVENT', 'ES_ERROR', 'ES_INIT', 'ES_ENTRY', 'ES_EXIT', 'ES_KEYINPUT', 'ES_LISTEVENTS', 'ES_TIMEOUT', 'ES_TIMERACTIVE', 'ES_TIMERSTOPPED', 'BATTERY_CONNECTED', 'BATTERY_DISCONNECTED', 'NUMBEROFEVENTS']
[DEBUG]2025-06-24 15:31:58,569: 
static const char *EventNames[] = {
	"ES_NO_EVENT",
	"ES_ERROR",
	"ES_INIT",
	"ES_ENTRY",
	"ES_EXIT",
	"ES_KEYINPUT",
	"ES_LISTEVENTS",
	"ES_TIMEOUT",
	"ES_TIMERACTIVE",
	"ES_TIMERSTOPPED",
	"BATTERY_CONNECTED",
	"BATTERY_DISCONNECTED",
	"NUMBEROFEVENTS",
};


[DEBUG]2025-06-24 15:31:58,573: None
[DEBUG]2025-06-24 15:31:58,573: None
[DEBUG]2025-06-24 15:31:58,574: None
[DEBUG]2025-06-24 15:31:58,574: None
[DEBUG]2025-06-24 15:31:58,574: None
[DEBUG]2025-06-24 15:31:58,575: None
[DEBUG]2025-06-24 15:31:58,575: None
[DEBUG]2025-06-24 15:31:58,575: None
[DEBUG]2025-06-24 15:31:58,575: None
[DEBUG]2025-06-24 15:31:58,576: None
[DEBUG]2025-06-24 15:31:58,576: None
[DEBUG]2025-06-24 15:31:58,576: None
[DEBUG]2025-06-24 15:31:58,576: None
[DEBUG]2025-06-24 15:31:58,576: None
[DEBUG]2025-06-24 15:31:58,577: None
[DEBUG]2025-06-24 15:31:58,577: None
[DEBUG]2025-06-24 15:31:58,577: None
[DEBUG]2025-06-24 15:31:58,577: None
[DEBUG]2025-06-24 15:31:58,577: None
[DEBUG]2025-06-24 15:31:58,577: None
[DEBUG]2025-06-24 15:31:58,578: None
[DEBUG]2025-06-24 15:31:58,578: None
[DEBUG]2025-06-24 15:31:58,578: None
[DEBUG]2025-06-24 15:31:58,578: None
[DEBUG]2025-06-24 15:31:58,578: None
[DEBUG]2025-06-24 15:31:58,578: None
[DEBUG]2025-06-24 15:31:58,578: None
[DEBUG]2025-06-24 15:31:58,580: None
[DEBUG]2025-06-24 15:31:58,580: None
[DEBUG]2025-06-24 15:31:58,580: None
[DEBUG]2025-06-24 15:31:58,580: None
[DEBUG]2025-06-24 15:31:58,580: None
[DEBUG]2025-06-24 15:31:58,580: None
[DEBUG]2025-06-24 15:31:58,580: None
[DEBUG]2025-06-24 15:31:58,580: None
[DEBUG]2025-06-24 15:31:58,581: None
[DEBUG]2025-06-24 15:31:58,581: None
[DEBUG]2025-06-24 15:31:58,581: None
[DEBUG]2025-06-24 15:31:58,581: None
[DEBUG]2025-06-24 15:31:58,581: None
[DEBUG]2025-06-24 15:31:58,581: None
[DEBUG]2025-06-24 15:31:58,581: None
[DEBUG]2025-06-24 15:31:58,581: None
[DEBUG]2025-06-24 15:31:58,581: None
[DEBUG]2025-06-24 15:31:58,583: None
[DEBUG]2025-06-24 15:31:58,583: None
[DEBUG]2025-06-24 15:31:58,583: None
[DEBUG]2025-06-24 15:31:58,583: None
[DEBUG]2025-06-24 15:31:58,583: None
[DEBUG]2025-06-24 15:31:58,583: None
[DEBUG]2025-06-24 15:31:58,583: None
[DEBUG]2025-06-24 15:31:58,583: None
[DEBUG]2025-06-24 15:31:58,583: None
[DEBUG]2025-06-24 15:31:58,583: None
[DEBUG]2025-06-24 15:31:58,584: None
[DEBUG]2025-06-24 15:31:58,584: None
[DEBUG]2025-06-24 15:31:58,584: None
[DEBUG]2025-06-24 15:31:58,584: None
[DEBUG]2025-06-24 15:31:58,584: None
[DEBUG]2025-06-24 15:31:58,584: None
[DEBUG]2025-06-24 15:31:58,584: None
[DEBUG]2025-06-24 15:31:58,584: None
[DEBUG]2025-06-24 15:31:58,584: None
[DEBUG]2025-06-24 15:31:58,584: None
[DEBUG]2025-06-24 15:31:58,584: None
[DEBUG]2025-06-24 15:31:58,586: None
[DEBUG]2025-06-24 15:31:58,586: None
[DEBUG]2025-06-24 15:31:58,586: None
[DEBUG]2025-06-24 15:31:58,586: None
[DEBUG]2025-06-24 15:31:58,586: None
[DEBUG]2025-06-24 15:31:58,586: None
[DEBUG]2025-06-24 15:31:58,586: None
[DEBUG]2025-06-24 15:31:58,586: None
[DEBUG]2025-06-24 15:31:58,586: None
[DEBUG]2025-06-24 15:31:58,586: None
[DEBUG]2025-06-24 15:31:58,586: None
[DEBUG]2025-06-24 15:31:58,586: None
[DEBUG]2025-06-24 15:31:58,588: None
[DEBUG]2025-06-24 15:31:58,588: None
[DEBUG]2025-06-24 15:31:58,588: None
[DEBUG]2025-06-24 15:31:58,588: None
[DEBUG]2025-06-24 15:31:58,588: None
[DEBUG]2025-06-24 15:31:58,588: None
[DEBUG]2025-06-24 15:31:58,588: None
[DEBUG]2025-06-24 15:31:58,588: None
[DEBUG]2025-06-24 15:31:58,588: None
[DEBUG]2025-06-24 15:31:58,588: None
[DEBUG]2025-06-24 15:31:58,588: None
[DEBUG]2025-06-24 15:31:58,588: None
[DEBUG]2025-06-24 15:31:58,588: None
[DEBUG]2025-06-24 15:31:58,589: None
[DEBUG]2025-06-24 15:31:58,589: None
[DEBUG]2025-06-24 15:31:58,589: None
[DEBUG]2025-06-24 15:31:58,589: None
[DEBUG]2025-06-24 15:31:58,589: None
[DEBUG]2025-06-24 15:31:58,589: None
[DEBUG]2025-06-24 15:31:58,589: None
[DEBUG]2025-06-24 15:31:58,589: None
[DEBUG]2025-06-24 15:31:58,589: None
[DEBUG]2025-06-24 15:31:58,589: None
[DEBUG]2025-06-24 15:31:58,589: None
[DEBUG]2025-06-24 15:31:58,589: None
[DEBUG]2025-06-24 15:31:58,589: None
[DEBUG]2025-06-24 15:31:58,589: None
[DEBUG]2025-06-24 15:31:58,590: None
[DEBUG]2025-06-24 15:31:58,590: None
[DEBUG]2025-06-24 15:31:58,590: None
[DEBUG]2025-06-24 15:31:58,590: None
[DEBUG]2025-06-24 15:31:58,590: None
[DEBUG]2025-06-24 15:31:58,590: None
[DEBUG]2025-06-24 15:31:58,590: None
[DEBUG]2025-06-24 15:31:58,590: None
[DEBUG]2025-06-24 15:31:58,590: None
[DEBUG]2025-06-24 15:31:58,590: None
[DEBUG]2025-06-24 15:31:58,590: None
[DEBUG]2025-06-24 15:31:58,590: None
[DEBUG]2025-06-24 15:31:58,590: None
[DEBUG]2025-06-24 15:31:58,590: None
[DEBUG]2025-06-24 15:31:58,590: None
[DEBUG]2025-06-24 15:31:58,591: None
[DEBUG]2025-06-24 15:31:58,591: None
[DEBUG]2025-06-24 15:31:58,591: None
[DEBUG]2025-06-24 15:31:58,591: None
[DEBUG]2025-06-24 15:31:58,591: None
[DEBUG]2025-06-24 15:31:58,591: None
[DEBUG]2025-06-24 15:31:58,591: None
[DEBUG]2025-06-24 15:31:58,591: None
[DEBUG]2025-06-24 15:31:58,591: None
[DEBUG]2025-06-24 15:31:58,591: None
[DEBUG]2025-06-24 15:31:58,591: None
[DEBUG]2025-06-24 15:31:58,591: None
[DEBUG]2025-06-24 15:31:58,591: None
[DEBUG]2025-06-24 15:31:58,591: None
[DEBUG]2025-06-24 15:31:58,591: None
[DEBUG]2025-06-24 15:31:58,591: None
[DEBUG]2025-06-24 15:31:58,592: None
[DEBUG]2025-06-24 15:31:58,592: None
[DEBUG]2025-06-24 15:31:58,592: None
[DEBUG]2025-06-24 15:31:58,592: None
[DEBUG]2025-06-24 15:31:58,592: None
[DEBUG]2025-06-24 15:31:58,592: None
[DEBUG]2025-06-24 15:31:58,592: None
[DEBUG]2025-06-24 15:31:58,592: None
[DEBUG]2025-06-24 15:31:58,592: None
[DEBUG]2025-06-24 15:31:58,592: None
[DEBUG]2025-06-24 15:31:58,592: None
[DEBUG]2025-06-24 15:31:58,592: None
[DEBUG]2025-06-24 15:31:58,592: None
[DEBUG]2025-06-24 15:31:58,592: None
[DEBUG]2025-06-24 15:31:58,592: None
[DEBUG]2025-06-24 15:31:58,592: None
[DEBUG]2025-06-24 15:31:58,592: None
[DEBUG]2025-06-24 15:31:58,593: None
[DEBUG]2025-06-24 15:31:58,593: None
[DEBUG]2025-06-24 15:31:58,593: None
[DEBUG]2025-06-24 15:31:58,593: None
[DEBUG]2025-06-24 15:31:58,593: None
[DEBUG]2025-06-24 15:31:58,593: None
[DEBUG]2025-06-24 15:31:58,593: None
[DEBUG]2025-06-24 15:31:58,593: None
[DEBUG]2025-06-24 15:31:58,593: None
[DEBUG]2025-06-24 15:31:58,593: None
[DEBUG]2025-06-24 15:31:58,593: None
[DEBUG]2025-06-24 15:31:58,593: None
[DEBUG]2025-06-24 15:31:58,593: None
[DEBUG]2025-06-24 15:31:58,593: None
[DEBUG]2025-06-24 15:31:58,593: None
[DEBUG]2025-06-24 15:31:58,593: None
[DEBUG]2025-06-24 15:31:58,593: None
[DEBUG]2025-06-24 15:31:58,593: None
[DEBUG]2025-06-24 15:31:58,594: <re.Match object; span=(2010, 2078), match='typedef enum {\n    InitPState,\n    FirstState,\>
[DEBUG]2025-06-24 15:31:58,594: <re.Match object; span=(2010, 2078), match='typedef enum {\n    InitPState,\n    FirstState,\>
[DEBUG]2025-06-24 15:31:58,594: <re.Match object; span=(2010, 2078), match='typedef enum {\n    InitPState,\n    FirstState,\>
[DEBUG]2025-06-24 15:31:58,594: <re.Match object; span=(2010, 2078), match='typedef enum {\n    InitPState,\n    FirstState,\>
[DEBUG]2025-06-24 15:31:58,594: <re.Match object; span=(2010, 2078), match='typedef enum {\n    InitPState,\n    FirstState,\>
[DEBUG]2025-06-24 15:31:58,594: <re.Match object; span=(2010, 2078), match='typedef enum {\n    InitPState,\n    FirstState,\>
[DEBUG]2025-06-24 15:31:58,594: <re.Match object; span=(2010, 2078), match='typedef enum {\n    InitPState,\n    FirstState,\>
[DEBUG]2025-06-24 15:31:58,594: <re.Match object; span=(2010, 2078), match='typedef enum {\n    InitPState,\n    FirstState,\>
[DEBUG]2025-06-24 15:31:58,594: <re.Match object; span=(2010, 2078), match='typedef enum {\n    InitPState,\n    FirstState,\>
[DEBUG]2025-06-24 15:31:58,594: <re.Match object; span=(2010, 2078), match='typedef enum {\n    InitPState,\n    FirstState,\>
[DEBUG]2025-06-24 15:31:58,594: <re.Match object; span=(2010, 2078), match='typedef enum {\n    InitPState,\n    FirstState,\>
[DEBUG]2025-06-24 15:31:58,594: <re.Match object; span=(2010, 2078), match='typedef enum {\n    InitPState,\n    FirstState,\>
[DEBUG]2025-06-24 15:31:58,594: <re.Match object; span=(2010, 2078), match='typedef enum {\n    InitPState,\n    FirstState,\>
[DEBUG]2025-06-24 15:31:58,594: <re.Match object; span=(2010, 2078), match='typedef enum {\n    InitPState,\n    FirstState,\>
[DEBUG]2025-06-24 15:31:58,594: <re.Match object; span=(2010, 2078), match='typedef enum {\n    InitPState,\n    FirstState,\>
[DEBUG]2025-06-24 15:31:58,594: <re.Match object; span=(2010, 2078), match='typedef enum {\n    InitPState,\n    FirstState,\>
[DEBUG]2025-06-24 15:31:58,594: <re.Match object; span=(2010, 2078), match='typedef enum {\n    InitPState,\n    FirstState,\>
[DEBUG]2025-06-24 15:31:58,594: <re.Match object; span=(2010, 2078), match='typedef enum {\n    InitPState,\n    FirstState,\>
[DEBUG]2025-06-24 15:31:58,594: <re.Match object; span=(2010, 2078), match='typedef enum {\n    InitPState,\n    FirstState,\>
[DEBUG]2025-06-24 15:31:58,595: ['InitPState', 'FirstState']
[DEBUG]2025-06-24 15:31:58,595: ['InitPState', 'FirstState']
[DEBUG]2025-06-24 15:31:58,595: ['InitPState', 'FirstState']
[DEBUG]2025-06-24 15:31:58,595: ['InitPState', 'FirstState']
[DEBUG]2025-06-24 15:31:58,595: ['InitPState', 'FirstState']
[DEBUG]2025-06-24 15:31:58,595: ['InitPState', 'FirstState']
[DEBUG]2025-06-24 15:31:58,595: ['InitPState', 'FirstState']
[DEBUG]2025-06-24 15:31:58,595: ['InitPState', 'FirstState']
[DEBUG]2025-06-24 15:31:58,595: ['InitPState', 'FirstState']
[DEBUG]2025-06-24 15:31:58,595: ['InitPState', 'FirstState']
[DEBUG]2025-06-24 15:31:58,595: ['InitPState', 'FirstState']
[DEBUG]2025-06-24 15:31:58,595: ['InitPState', 'FirstState']
[DEBUG]2025-06-24 15:31:58,595: ['InitPState', 'FirstState']
[DEBUG]2025-06-24 15:31:58,595: ['InitPState', 'FirstState']
[DEBUG]2025-06-24 15:31:58,595: ['InitPState', 'FirstState']
[DEBUG]2025-06-24 15:31:58,595: ['InitPState', 'FirstState']
[DEBUG]2025-06-24 15:31:58,595: ['InitPState', 'FirstState']
[DEBUG]2025-06-24 15:31:58,595: ['InitPState', 'FirstState']
[DEBUG]2025-06-24 15:31:58,595: ['InitPState', 'FirstState']
[DEBUG]2025-06-24 15:31:58,595: 
static const char *StateNames[] = {
	"InitPState",
	"FirstState",
};


[DEBUG]2025-06-24 15:31:58,595: 
static const char *StateNames[] = {
	"InitPState",
	"FirstState",
};


[DEBUG]2025-06-24 15:31:58,595: 
static const char *StateNames[] = {
	"InitPState",
	"FirstState",
};


[DEBUG]2025-06-24 15:31:58,595: 
static const char *StateNames[] = {
	"InitPState",
	"FirstState",
};


[DEBUG]2025-06-24 15:31:58,595: 
static const char *StateNames[] = {
	"InitPState",
	"FirstState",
};


[DEBUG]2025-06-24 15:31:58,595: 
static const char *StateNames[] = {
	"InitPState",
	"FirstState",
};


[DEBUG]2025-06-24 15:31:58,595: 
static const char *StateNames[] = {
	"InitPState",
	"FirstState",
};


[DEBUG]2025-06-24 15:31:58,595: 
static const char *StateNames[] = {
	"InitPState",
	"FirstState",
};


[DEBUG]2025-06-24 15:31:58,595: 
static const char *StateNames[] = {
	"InitPState",
	"FirstState",
};


[DEBUG]2025-06-24 15:31:58,595: 
static const char *StateNames[] = {
	"InitPState",
	"FirstState",
};


[DEBUG]2025-06-24 15:31:58,595: 
static const char *StateNames[] = {
	"InitPState",
	"FirstState",
};


[DEBUG]2025-06-24 15:31:58,595: 
static const char *StateNames[] = {
	"InitPState",
	"FirstState",
};


[DEBUG]2025-06-24 15:31:58,595: 
static const char *StateNames[] = {
	"InitPState",
	"FirstState",
};


[DEBUG]2025-06-24 15:31:58,595: 
static const char *StateNames[] = {
	"InitPState",
	"FirstState",
};


[DEBUG]2025-06-24 15:31:58,595: 
static const char *StateNames[] = {
	"InitPState",
	"FirstState",
};


[DEBUG]2025-06-24 15:31:58,595: 
static const char *StateNames[] = {
	"InitPState",
	"FirstState",
};


[DEBUG]2025-06-24 15:31:58,595: 
static const char *StateNames[] = {
	"InitPState",
	"FirstState",
};


[DEBUG]2025-06-24 15:31:58,595: 
static const char *StateNames[] = {
	"InitPState",
	"FirstState",
};


[DEBUG]2025-06-24 15:31:58,595: 
static const char *StateNames[] = {
	"InitPState",
	"FirstState",
};


[DEBUG]2025-06-24 15:31:58,597: <re.Match object; span=(1568, 1645), match='typedef enum {\n    InitPSubState,\n    SubFirstS>
[DEBUG]2025-06-24 15:31:58,597: <re.Match object; span=(1568, 1645), match='typedef enum {\n    InitPSubState,\n    SubFirstS>
[DEBUG]2025-06-24 15:31:58,597: <re.Match object; span=(1568, 1645), match='typedef enum {\n    InitPSubState,\n    SubFirstS>
[DEBUG]2025-06-24 15:31:58,597: <re.Match object; span=(1568, 1645), match='typedef enum {\n    InitPSubState,\n    SubFirstS>
[DEBUG]2025-06-24 15:31:58,597: <re.Match object; span=(1568, 1645), match='typedef enum {\n    InitPSubState,\n    SubFirstS>
[DEBUG]2025-06-24 15:31:58,597: <re.Match object; span=(1568, 1645), match='typedef enum {\n    InitPSubState,\n    SubFirstS>
[DEBUG]2025-06-24 15:31:58,597: <re.Match object; span=(1568, 1645), match='typedef enum {\n    InitPSubState,\n    SubFirstS>
[DEBUG]2025-06-24 15:31:58,597: <re.Match object; span=(1568, 1645), match='typedef enum {\n    InitPSubState,\n    SubFirstS>
[DEBUG]2025-06-24 15:31:58,597: <re.Match object; span=(1568, 1645), match='typedef enum {\n    InitPSubState,\n    SubFirstS>
[DEBUG]2025-06-24 15:31:58,597: <re.Match object; span=(1568, 1645), match='typedef enum {\n    InitPSubState,\n    SubFirstS>
[DEBUG]2025-06-24 15:31:58,597: <re.Match object; span=(1568, 1645), match='typedef enum {\n    InitPSubState,\n    SubFirstS>
[DEBUG]2025-06-24 15:31:58,597: <re.Match object; span=(1568, 1645), match='typedef enum {\n    InitPSubState,\n    SubFirstS>
[DEBUG]2025-06-24 15:31:58,597: <re.Match object; span=(1568, 1645), match='typedef enum {\n    InitPSubState,\n    SubFirstS>
[DEBUG]2025-06-24 15:31:58,597: <re.Match object; span=(1568, 1645), match='typedef enum {\n    InitPSubState,\n    SubFirstS>
[DEBUG]2025-06-24 15:31:58,597: <re.Match object; span=(1568, 1645), match='typedef enum {\n    InitPSubState,\n    SubFirstS>
[DEBUG]2025-06-24 15:31:58,597: <re.Match object; span=(1568, 1645), match='typedef enum {\n    InitPSubState,\n    SubFirstS>
[DEBUG]2025-06-24 15:31:58,597: <re.Match object; span=(1568, 1645), match='typedef enum {\n    InitPSubState,\n    SubFirstS>
[DEBUG]2025-06-24 15:31:58,597: <re.Match object; span=(1568, 1645), match='typedef enum {\n    InitPSubState,\n    SubFirstS>
[DEBUG]2025-06-24 15:31:58,597: <re.Match object; span=(1568, 1645), match='typedef enum {\n    InitPSubState,\n    SubFirstS>
[DEBUG]2025-06-24 15:31:58,597: <re.Match object; span=(1568, 1645), match='typedef enum {\n    InitPSubState,\n    SubFirstS>
[DEBUG]2025-06-24 15:31:58,605: ['InitPSubState', 'SubFirstState']
[DEBUG]2025-06-24 15:31:58,605: ['InitPSubState', 'SubFirstState']
[DEBUG]2025-06-24 15:31:58,605: ['InitPSubState', 'SubFirstState']
[DEBUG]2025-06-24 15:31:58,605: ['InitPSubState', 'SubFirstState']
[DEBUG]2025-06-24 15:31:58,605: ['InitPSubState', 'SubFirstState']
[DEBUG]2025-06-24 15:31:58,605: ['InitPSubState', 'SubFirstState']
[DEBUG]2025-06-24 15:31:58,605: ['InitPSubState', 'SubFirstState']
[DEBUG]2025-06-24 15:31:58,605: ['InitPSubState', 'SubFirstState']
[DEBUG]2025-06-24 15:31:58,605: ['InitPSubState', 'SubFirstState']
[DEBUG]2025-06-24 15:31:58,605: ['InitPSubState', 'SubFirstState']
[DEBUG]2025-06-24 15:31:58,605: ['InitPSubState', 'SubFirstState']
[DEBUG]2025-06-24 15:31:58,605: ['InitPSubState', 'SubFirstState']
[DEBUG]2025-06-24 15:31:58,605: ['InitPSubState', 'SubFirstState']
[DEBUG]2025-06-24 15:31:58,605: ['InitPSubState', 'SubFirstState']
[DEBUG]2025-06-24 15:31:58,605: ['InitPSubState', 'SubFirstState']
[DEBUG]2025-06-24 15:31:58,605: ['InitPSubState', 'SubFirstState']
[DEBUG]2025-06-24 15:31:58,605: ['InitPSubState', 'SubFirstState']
[DEBUG]2025-06-24 15:31:58,605: ['InitPSubState', 'SubFirstState']
[DEBUG]2025-06-24 15:31:58,605: ['InitPSubState', 'SubFirstState']
[DEBUG]2025-06-24 15:31:58,605: ['InitPSubState', 'SubFirstState']
[DEBUG]2025-06-24 15:31:58,606: 
static const char *StateNames[] = {
	"InitPSubState",
	"SubFirstState",
};


[DEBUG]2025-06-24 15:31:58,606: 
static const char *StateNames[] = {
	"InitPSubState",
	"SubFirstState",
};


[DEBUG]2025-06-24 15:31:58,606: 
static const char *StateNames[] = {
	"InitPSubState",
	"SubFirstState",
};


[DEBUG]2025-06-24 15:31:58,606: 
static const char *StateNames[] = {
	"InitPSubState",
	"SubFirstState",
};


[DEBUG]2025-06-24 15:31:58,606: 
static const char *StateNames[] = {
	"InitPSubState",
	"SubFirstState",
};


[DEBUG]2025-06-24 15:31:58,606: 
static const char *StateNames[] = {
	"InitPSubState",
	"SubFirstState",
};


[DEBUG]2025-06-24 15:31:58,606: 
static const char *StateNames[] = {
	"InitPSubState",
	"SubFirstState",
};


[DEBUG]2025-06-24 15:31:58,606: 
static const char *StateNames[] = {
	"InitPSubState",
	"SubFirstState",
};


[DEBUG]2025-06-24 15:31:58,606: 
static const char *StateNames[] = {
	"InitPSubState",
	"SubFirstState",
};


[DEBUG]2025-06-24 15:31:58,606: 
static const char *StateNames[] = {
	"InitPSubState",
	"SubFirstState",
};


[DEBUG]2025-06-24 15:31:58,606: 
static const char *StateNames[] = {
	"InitPSubState",
	"SubFirstState",
};


[DEBUG]2025-06-24 15:31:58,606: 
static const char *StateNames[] = {
	"InitPSubState",
	"SubFirstState",
};


[DEBUG]2025-06-24 15:31:58,606: 
static const char *StateNames[] = {
	"InitPSubState",
	"SubFirstState",
};


[DEBUG]2025-06-24 15:31:58,606: 
static const char *StateNames[] = {
	"InitPSubState",
	"SubFirstState",
};


[DEBUG]2025-06-24 15:31:58,606: 
static const char *StateNames[] = {
	"InitPSubState",
	"SubFirstState",
};


[DEBUG]2025-06-24 15:31:58,606: 
static const char *StateNames[] = {
	"InitPSubState",
	"SubFirstState",
};


[DEBUG]2025-06-24 15:31:58,606: 
static const char *StateNames[] = {
	"InitPSubState",
	"SubFirstState",
};


[DEBUG]2025-06-24 15:31:58,606: 
static const char *StateNames[] = {
	"InitPSubState",
	"SubFirstState",
};


[DEBUG]2025-06-24 15:31:58,606: 
static const char *StateNames[] = {
	"InitPSubState",
	"SubFirstState",
};


[DEBUG]2025-06-24 15:31:58,606: 
static const char *StateNames[] = {
	"InitPSubState",
	"SubFirstState",
};


[DEBUG]2025-06-24 15:31:58,608: None
[DEBUG]2025-06-24 15:31:58,608: None
[DEBUG]2025-06-24 15:31:58,608: None
[DEBUG]2025-06-24 15:31:58,608: None
[DEBUG]2025-06-24 15:31:58,608: None
[DEBUG]2025-06-24 15:31:58,608: None
[DEBUG]2025-06-24 15:31:58,608: None
[DEBUG]2025-06-24 15:31:58,608: None
[DEBUG]2025-06-24 15:31:58,608: None
[DEBUG]2025-06-24 15:31:58,608: None
[DEBUG]2025-06-24 15:31:58,608: None
[DEBUG]2025-06-24 15:31:58,608: None
[DEBUG]2025-06-24 15:31:58,608: None
[DEBUG]2025-06-24 15:31:58,608: None
[DEBUG]2025-06-24 15:31:58,608: None
[DEBUG]2025-06-24 15:31:58,608: None
[DEBUG]2025-06-24 15:31:58,608: None
[DEBUG]2025-06-24 15:31:58,608: None
[DEBUG]2025-06-24 15:31:58,608: None
[DEBUG]2025-06-24 15:31:58,608: None
[DEBUG]2025-06-24 15:31:58,608: None
