[DEBUG]2025-06-24 14:46:26,569: <re.Match object; span=(1084, 1777), match='typedef enum {\n    ES_NO_EVENT, ES_ERROR, /* use>
[DEBUG]2025-06-24 14:46:26,570: ['ES_NO_EVENT', 'ES_ERROR', 'ES_INIT', 'ES_ENTRY', 'ES_EXIT', 'ES_KEYINPUT', 'ES_LISTEVENTS', 'ES_TIMEOUT', 'ES_TIMERACTIVE', 'ES_TIMERSTOPPED', 'BATTERY_CONNECTED', 'BATTERY_DISCONNECTED', 'NUMBEROFEVENTS']
[DEBUG]2025-06-24 14:46:26,570: 
static const char *EventNames[] = {
	"ES_NO_EVENT",
	"ES_ERROR",
	"ES_INIT",
	"ES_ENTRY",
	"ES_EXIT",
	"ES_KEYINPUT",
	"ES_LISTEVENTS",
	"ES_TIMEOUT",
	"ES_TIMERACTIVE",
	"ES_TIMERSTOPPED",
	"BATTERY_CONNECTED",
	"BATTERY_DISCONNECTED",
	"NUMBEROFEVENTS",
};


[DEBUG]2025-06-24 14:46:26,613: None
[DEBUG]2025-06-24 14:46:26,613: None
[DEBUG]2025-06-24 14:46:26,615: None
[DEBUG]2025-06-24 14:46:26,615: None
[DEBUG]2025-06-24 14:46:26,615: None
[DEBUG]2025-06-24 14:46:26,617: None
[DEBUG]2025-06-24 14:46:26,617: None
[DEBUG]2025-06-24 14:46:26,617: None
[DEBUG]2025-06-24 14:46:26,617: None
[DEBUG]2025-06-24 14:46:26,618: None
[DEBUG]2025-06-24 14:46:26,618: None
[DEBUG]2025-06-24 14:46:26,618: None
[DEBUG]2025-06-24 14:46:26,618: None
[DEBUG]2025-06-24 14:46:26,618: None
[DEBUG]2025-06-24 14:46:26,620: None
[DEBUG]2025-06-24 14:46:26,620: None
[DEBUG]2025-06-24 14:46:26,620: None
[DEBUG]2025-06-24 14:46:26,620: None
[DEBUG]2025-06-24 14:46:26,620: None
[DEBUG]2025-06-24 14:46:26,620: None
[DEBUG]2025-06-24 14:46:26,622: None
[DEBUG]2025-06-24 14:46:26,622: None
[DEBUG]2025-06-24 14:46:26,622: None
[DEBUG]2025-06-24 14:46:26,622: None
[DEBUG]2025-06-24 14:46:26,622: None
[DEBUG]2025-06-24 14:46:26,622: None
[DEBUG]2025-06-24 14:46:26,622: None
[DEBUG]2025-06-24 14:46:26,623: None
[DEBUG]2025-06-24 14:46:26,623: None
[DEBUG]2025-06-24 14:46:26,623: None
[DEBUG]2025-06-24 14:46:26,623: None
[DEBUG]2025-06-24 14:46:26,623: None
[DEBUG]2025-06-24 14:46:26,623: None
[DEBUG]2025-06-24 14:46:26,623: None
[DEBUG]2025-06-24 14:46:26,623: None
[DEBUG]2025-06-24 14:46:26,625: None
[DEBUG]2025-06-24 14:46:26,625: None
[DEBUG]2025-06-24 14:46:26,625: None
[DEBUG]2025-06-24 14:46:26,625: None
[DEBUG]2025-06-24 14:46:26,625: None
[DEBUG]2025-06-24 14:46:26,625: None
[DEBUG]2025-06-24 14:46:26,625: None
[DEBUG]2025-06-24 14:46:26,625: None
[DEBUG]2025-06-24 14:46:26,625: None
[DEBUG]2025-06-24 14:46:26,627: None
[DEBUG]2025-06-24 14:46:26,627: None
[DEBUG]2025-06-24 14:46:26,627: None
[DEBUG]2025-06-24 14:46:26,627: None
[DEBUG]2025-06-24 14:46:26,627: None
[DEBUG]2025-06-24 14:46:26,627: None
[DEBUG]2025-06-24 14:46:26,627: None
[DEBUG]2025-06-24 14:46:26,627: None
[DEBUG]2025-06-24 14:46:26,627: None
[DEBUG]2025-06-24 14:46:26,627: None
[DEBUG]2025-06-24 14:46:26,630: None
[DEBUG]2025-06-24 14:46:26,630: None
[DEBUG]2025-06-24 14:46:26,630: None
[DEBUG]2025-06-24 14:46:26,630: None
[DEBUG]2025-06-24 14:46:26,630: None
[DEBUG]2025-06-24 14:46:26,630: None
[DEBUG]2025-06-24 14:46:26,630: None
[DEBUG]2025-06-24 14:46:26,630: None
[DEBUG]2025-06-24 14:46:26,630: None
[DEBUG]2025-06-24 14:46:26,630: None
[DEBUG]2025-06-24 14:46:26,630: None
[DEBUG]2025-06-24 14:46:26,632: None
[DEBUG]2025-06-24 14:46:26,632: None
[DEBUG]2025-06-24 14:46:26,632: None
[DEBUG]2025-06-24 14:46:26,632: None
[DEBUG]2025-06-24 14:46:26,632: None
[DEBUG]2025-06-24 14:46:26,632: None
[DEBUG]2025-06-24 14:46:26,632: None
[DEBUG]2025-06-24 14:46:26,632: None
[DEBUG]2025-06-24 14:46:26,632: None
[DEBUG]2025-06-24 14:46:26,632: None
[DEBUG]2025-06-24 14:46:26,632: None
[DEBUG]2025-06-24 14:46:26,632: None
[DEBUG]2025-06-24 14:46:26,635: None
[DEBUG]2025-06-24 14:46:26,635: None
[DEBUG]2025-06-24 14:46:26,635: None
[DEBUG]2025-06-24 14:46:26,635: None
[DEBUG]2025-06-24 14:46:26,635: None
[DEBUG]2025-06-24 14:46:26,635: None
[DEBUG]2025-06-24 14:46:26,635: None
[DEBUG]2025-06-24 14:46:26,635: None
[DEBUG]2025-06-24 14:46:26,635: None
[DEBUG]2025-06-24 14:46:26,635: None
[DEBUG]2025-06-24 14:46:26,635: None
[DEBUG]2025-06-24 14:46:26,635: None
[DEBUG]2025-06-24 14:46:26,635: None
[DEBUG]2025-06-24 14:46:26,637: None
[DEBUG]2025-06-24 14:46:26,637: None
[DEBUG]2025-06-24 14:46:26,637: None
[DEBUG]2025-06-24 14:46:26,637: None
[DEBUG]2025-06-24 14:46:26,637: None
[DEBUG]2025-06-24 14:46:26,637: None
[DEBUG]2025-06-24 14:46:26,637: None
[DEBUG]2025-06-24 14:46:26,637: None
[DEBUG]2025-06-24 14:46:26,637: None
[DEBUG]2025-06-24 14:46:26,637: None
[DEBUG]2025-06-24 14:46:26,637: None
[DEBUG]2025-06-24 14:46:26,637: None
[DEBUG]2025-06-24 14:46:26,637: None
[DEBUG]2025-06-24 14:46:26,637: None
[DEBUG]2025-06-24 14:46:26,639: None
[DEBUG]2025-06-24 14:46:26,639: None
[DEBUG]2025-06-24 14:46:26,639: None
[DEBUG]2025-06-24 14:46:26,639: None
[DEBUG]2025-06-24 14:46:26,639: None
[DEBUG]2025-06-24 14:46:26,639: None
[DEBUG]2025-06-24 14:46:26,639: None
[DEBUG]2025-06-24 14:46:26,639: None
[DEBUG]2025-06-24 14:46:26,639: None
[DEBUG]2025-06-24 14:46:26,639: None
[DEBUG]2025-06-24 14:46:26,639: None
[DEBUG]2025-06-24 14:46:26,639: None
[DEBUG]2025-06-24 14:46:26,639: None
[DEBUG]2025-06-24 14:46:26,639: None
[DEBUG]2025-06-24 14:46:26,639: None
[DEBUG]2025-06-24 14:46:26,642: None
[DEBUG]2025-06-24 14:46:26,642: None
[DEBUG]2025-06-24 14:46:26,642: None
[DEBUG]2025-06-24 14:46:26,642: None
[DEBUG]2025-06-24 14:46:26,642: None
[DEBUG]2025-06-24 14:46:26,642: None
[DEBUG]2025-06-24 14:46:26,642: None
[DEBUG]2025-06-24 14:46:26,642: None
[DEBUG]2025-06-24 14:46:26,642: None
[DEBUG]2025-06-24 14:46:26,642: None
[DEBUG]2025-06-24 14:46:26,642: None
[DEBUG]2025-06-24 14:46:26,642: None
[DEBUG]2025-06-24 14:46:26,642: None
[DEBUG]2025-06-24 14:46:26,642: None
[DEBUG]2025-06-24 14:46:26,642: None
[DEBUG]2025-06-24 14:46:26,642: None
[DEBUG]2025-06-24 14:46:26,644: None
[DEBUG]2025-06-24 14:46:26,644: None
[DEBUG]2025-06-24 14:46:26,644: None
[DEBUG]2025-06-24 14:46:26,644: None
[DEBUG]2025-06-24 14:46:26,644: None
[DEBUG]2025-06-24 14:46:26,644: None
[DEBUG]2025-06-24 14:46:26,644: None
[DEBUG]2025-06-24 14:46:26,644: None
[DEBUG]2025-06-24 14:46:26,644: None
[DEBUG]2025-06-24 14:46:26,644: None
[DEBUG]2025-06-24 14:46:26,644: None
[DEBUG]2025-06-24 14:46:26,644: None
[DEBUG]2025-06-24 14:46:26,644: None
[DEBUG]2025-06-24 14:46:26,644: None
[DEBUG]2025-06-24 14:46:26,644: None
[DEBUG]2025-06-24 14:46:26,644: None
[DEBUG]2025-06-24 14:46:26,644: None
[DEBUG]2025-06-24 14:46:26,646: None
[DEBUG]2025-06-24 14:46:26,646: None
[DEBUG]2025-06-24 14:46:26,646: None
[DEBUG]2025-06-24 14:46:26,646: None
[DEBUG]2025-06-24 14:46:26,646: None
[DEBUG]2025-06-24 14:46:26,646: None
[DEBUG]2025-06-24 14:46:26,646: None
[DEBUG]2025-06-24 14:46:26,646: None
[DEBUG]2025-06-24 14:46:26,646: None
[DEBUG]2025-06-24 14:46:26,646: None
[DEBUG]2025-06-24 14:46:26,646: None
[DEBUG]2025-06-24 14:46:26,646: None
[DEBUG]2025-06-24 14:46:26,646: None
[DEBUG]2025-06-24 14:46:26,646: None
[DEBUG]2025-06-24 14:46:26,646: None
[DEBUG]2025-06-24 14:46:26,646: None
[DEBUG]2025-06-24 14:46:26,646: None
[DEBUG]2025-06-24 14:46:26,646: None
[DEBUG]2025-06-24 14:46:26,648: None
[DEBUG]2025-06-24 14:46:26,648: None
[DEBUG]2025-06-24 14:46:26,648: None
[DEBUG]2025-06-24 14:46:26,648: None
[DEBUG]2025-06-24 14:46:26,648: None
[DEBUG]2025-06-24 14:46:26,648: None
[DEBUG]2025-06-24 14:46:26,648: None
[DEBUG]2025-06-24 14:46:26,648: None
[DEBUG]2025-06-24 14:46:26,648: None
[DEBUG]2025-06-24 14:46:26,648: None
[DEBUG]2025-06-24 14:46:26,648: None
[DEBUG]2025-06-24 14:46:26,648: None
[DEBUG]2025-06-24 14:46:26,648: None
[DEBUG]2025-06-24 14:46:26,648: None
[DEBUG]2025-06-24 14:46:26,648: None
[DEBUG]2025-06-24 14:46:26,648: None
[DEBUG]2025-06-24 14:46:26,648: None
[DEBUG]2025-06-24 14:46:26,648: None
[DEBUG]2025-06-24 14:46:26,648: None
[DEBUG]2025-06-24 14:46:57,645: <re.Match object; span=(1084, 1777), match='typedef enum {\n    ES_NO_EVENT, ES_ERROR, /* use>
[DEBUG]2025-06-24 14:46:57,646: ['ES_NO_EVENT', 'ES_ERROR', 'ES_INIT', 'ES_ENTRY', 'ES_EXIT', 'ES_KEYINPUT', 'ES_LISTEVENTS', 'ES_TIMEOUT', 'ES_TIMERACTIVE', 'ES_TIMERSTOPPED', 'BATTERY_CONNECTED', 'BATTERY_DISCONNECTED', 'NUMBEROFEVENTS']
[DEBUG]2025-06-24 14:46:57,646: 
static const char *EventNames[] = {
	"ES_NO_EVENT",
	"ES_ERROR",
	"ES_INIT",
	"ES_ENTRY",
	"ES_EXIT",
	"ES_KEYINPUT",
	"ES_LISTEVENTS",
	"ES_TIMEOUT",
	"ES_TIMERACTIVE",
	"ES_TIMERSTOPPED",
	"BATTERY_CONNECTED",
	"BATTERY_DISCONNECTED",
	"NUMBEROFEVENTS",
};


[DEBUG]2025-06-24 14:46:57,650: None
[DEBUG]2025-06-24 14:46:57,650: None
[DEBUG]2025-06-24 14:46:57,652: None
[DEBUG]2025-06-24 14:46:57,652: None
[DEBUG]2025-06-24 14:46:57,652: None
[DEBUG]2025-06-24 14:46:57,653: None
[DEBUG]2025-06-24 14:46:57,653: None
[DEBUG]2025-06-24 14:46:57,653: None
[DEBUG]2025-06-24 14:46:57,653: None
[DEBUG]2025-06-24 14:46:57,655: None
[DEBUG]2025-06-24 14:46:57,655: None
[DEBUG]2025-06-24 14:46:57,655: None
[DEBUG]2025-06-24 14:46:57,655: None
[DEBUG]2025-06-24 14:46:57,655: None
[DEBUG]2025-06-24 14:46:57,657: None
[DEBUG]2025-06-24 14:46:57,657: None
[DEBUG]2025-06-24 14:46:57,657: None
[DEBUG]2025-06-24 14:46:57,657: None
[DEBUG]2025-06-24 14:46:57,657: None
[DEBUG]2025-06-24 14:46:57,657: None
[DEBUG]2025-06-24 14:46:57,658: None
[DEBUG]2025-06-24 14:46:57,658: None
[DEBUG]2025-06-24 14:46:57,658: None
[DEBUG]2025-06-24 14:46:57,658: None
[DEBUG]2025-06-24 14:46:57,658: None
[DEBUG]2025-06-24 14:46:57,658: None
[DEBUG]2025-06-24 14:46:57,658: None
[DEBUG]2025-06-24 14:46:57,660: None
[DEBUG]2025-06-24 14:46:57,660: None
[DEBUG]2025-06-24 14:46:57,660: None
[DEBUG]2025-06-24 14:46:57,660: None
[DEBUG]2025-06-24 14:46:57,660: None
[DEBUG]2025-06-24 14:46:57,660: None
[DEBUG]2025-06-24 14:46:57,660: None
[DEBUG]2025-06-24 14:46:57,660: None
[DEBUG]2025-06-24 14:46:57,662: None
[DEBUG]2025-06-24 14:46:57,662: None
[DEBUG]2025-06-24 14:46:57,662: None
[DEBUG]2025-06-24 14:46:57,662: None
[DEBUG]2025-06-24 14:46:57,662: None
[DEBUG]2025-06-24 14:46:57,662: None
[DEBUG]2025-06-24 14:46:57,662: None
[DEBUG]2025-06-24 14:46:57,662: None
[DEBUG]2025-06-24 14:46:57,662: None
[DEBUG]2025-06-24 14:46:57,664: None
[DEBUG]2025-06-24 14:46:57,664: None
[DEBUG]2025-06-24 14:46:57,664: None
[DEBUG]2025-06-24 14:46:57,664: None
[DEBUG]2025-06-24 14:46:57,664: None
[DEBUG]2025-06-24 14:46:57,664: None
[DEBUG]2025-06-24 14:46:57,664: None
[DEBUG]2025-06-24 14:46:57,664: None
[DEBUG]2025-06-24 14:46:57,664: None
[DEBUG]2025-06-24 14:46:57,664: None
[DEBUG]2025-06-24 14:46:57,666: None
[DEBUG]2025-06-24 14:46:57,666: None
[DEBUG]2025-06-24 14:46:57,666: None
[DEBUG]2025-06-24 14:46:57,666: None
[DEBUG]2025-06-24 14:46:57,666: None
[DEBUG]2025-06-24 14:46:57,666: None
[DEBUG]2025-06-24 14:46:57,666: None
[DEBUG]2025-06-24 14:46:57,666: None
[DEBUG]2025-06-24 14:46:57,666: None
[DEBUG]2025-06-24 14:46:57,666: None
[DEBUG]2025-06-24 14:46:57,666: None
[DEBUG]2025-06-24 14:46:57,669: None
[DEBUG]2025-06-24 14:46:57,669: None
[DEBUG]2025-06-24 14:46:57,669: None
[DEBUG]2025-06-24 14:46:57,669: None
[DEBUG]2025-06-24 14:46:57,669: None
[DEBUG]2025-06-24 14:46:57,669: None
[DEBUG]2025-06-24 14:46:57,669: None
[DEBUG]2025-06-24 14:46:57,669: None
[DEBUG]2025-06-24 14:46:57,669: None
[DEBUG]2025-06-24 14:46:57,669: None
[DEBUG]2025-06-24 14:46:57,669: None
[DEBUG]2025-06-24 14:46:57,669: None
[DEBUG]2025-06-24 14:46:57,671: None
[DEBUG]2025-06-24 14:46:57,671: None
[DEBUG]2025-06-24 14:46:57,671: None
[DEBUG]2025-06-24 14:46:57,671: None
[DEBUG]2025-06-24 14:46:57,671: None
[DEBUG]2025-06-24 14:46:57,671: None
[DEBUG]2025-06-24 14:46:57,671: None
[DEBUG]2025-06-24 14:46:57,671: None
[DEBUG]2025-06-24 14:46:57,671: None
[DEBUG]2025-06-24 14:46:57,671: None
[DEBUG]2025-06-24 14:46:57,671: None
[DEBUG]2025-06-24 14:46:57,671: None
[DEBUG]2025-06-24 14:46:57,671: None
[DEBUG]2025-06-24 14:46:57,673: None
[DEBUG]2025-06-24 14:46:57,673: None
[DEBUG]2025-06-24 14:46:57,673: None
[DEBUG]2025-06-24 14:46:57,673: None
[DEBUG]2025-06-24 14:46:57,673: None
[DEBUG]2025-06-24 14:46:57,673: None
[DEBUG]2025-06-24 14:46:57,673: None
[DEBUG]2025-06-24 14:46:57,673: None
[DEBUG]2025-06-24 14:46:57,673: None
[DEBUG]2025-06-24 14:46:57,673: None
[DEBUG]2025-06-24 14:46:57,673: None
[DEBUG]2025-06-24 14:46:57,673: None
[DEBUG]2025-06-24 14:46:57,673: None
[DEBUG]2025-06-24 14:46:57,673: None
[DEBUG]2025-06-24 14:46:57,675: None
[DEBUG]2025-06-24 14:46:57,675: None
[DEBUG]2025-06-24 14:46:57,675: None
[DEBUG]2025-06-24 14:46:57,675: None
[DEBUG]2025-06-24 14:46:57,675: None
[DEBUG]2025-06-24 14:46:57,675: None
[DEBUG]2025-06-24 14:46:57,675: None
[DEBUG]2025-06-24 14:46:57,675: None
[DEBUG]2025-06-24 14:46:57,675: None
[DEBUG]2025-06-24 14:46:57,675: None
[DEBUG]2025-06-24 14:46:57,675: None
[DEBUG]2025-06-24 14:46:57,675: None
[DEBUG]2025-06-24 14:46:57,675: None
[DEBUG]2025-06-24 14:46:57,675: None
[DEBUG]2025-06-24 14:46:57,675: None
[DEBUG]2025-06-24 14:46:57,676: None
[DEBUG]2025-06-24 14:46:57,676: None
[DEBUG]2025-06-24 14:46:57,676: None
[DEBUG]2025-06-24 14:46:57,676: None
[DEBUG]2025-06-24 14:46:57,676: None
[DEBUG]2025-06-24 14:46:57,676: None
[DEBUG]2025-06-24 14:46:57,676: None
[DEBUG]2025-06-24 14:46:57,676: None
[DEBUG]2025-06-24 14:46:57,676: None
[DEBUG]2025-06-24 14:46:57,676: None
[DEBUG]2025-06-24 14:46:57,676: None
[DEBUG]2025-06-24 14:46:57,676: None
[DEBUG]2025-06-24 14:46:57,676: None
[DEBUG]2025-06-24 14:46:57,676: None
[DEBUG]2025-06-24 14:46:57,676: None
[DEBUG]2025-06-24 14:46:57,676: None
[DEBUG]2025-06-24 14:46:57,678: None
[DEBUG]2025-06-24 14:46:57,678: None
[DEBUG]2025-06-24 14:46:57,678: None
[DEBUG]2025-06-24 14:46:57,678: None
[DEBUG]2025-06-24 14:46:57,678: None
[DEBUG]2025-06-24 14:46:57,678: None
[DEBUG]2025-06-24 14:46:57,678: None
[DEBUG]2025-06-24 14:46:57,678: None
[DEBUG]2025-06-24 14:46:57,678: None
[DEBUG]2025-06-24 14:46:57,678: None
[DEBUG]2025-06-24 14:46:57,678: None
[DEBUG]2025-06-24 14:46:57,678: None
[DEBUG]2025-06-24 14:46:57,678: None
[DEBUG]2025-06-24 14:46:57,678: None
[DEBUG]2025-06-24 14:46:57,678: None
[DEBUG]2025-06-24 14:46:57,678: None
[DEBUG]2025-06-24 14:46:57,678: None
[DEBUG]2025-06-24 14:46:57,680: None
[DEBUG]2025-06-24 14:46:57,680: None
[DEBUG]2025-06-24 14:46:57,680: None
[DEBUG]2025-06-24 14:46:57,680: None
[DEBUG]2025-06-24 14:46:57,680: None
[DEBUG]2025-06-24 14:46:57,680: None
[DEBUG]2025-06-24 14:46:57,680: None
[DEBUG]2025-06-24 14:46:57,680: None
[DEBUG]2025-06-24 14:46:57,680: None
[DEBUG]2025-06-24 14:46:57,680: None
[DEBUG]2025-06-24 14:46:57,680: None
[DEBUG]2025-06-24 14:46:57,680: None
[DEBUG]2025-06-24 14:46:57,680: None
[DEBUG]2025-06-24 14:46:57,680: None
[DEBUG]2025-06-24 14:46:57,680: None
[DEBUG]2025-06-24 14:46:57,680: None
[DEBUG]2025-06-24 14:46:57,680: None
[DEBUG]2025-06-24 14:46:57,680: None
[DEBUG]2025-06-24 14:46:57,682: None
[DEBUG]2025-06-24 14:46:57,682: None
[DEBUG]2025-06-24 14:46:57,682: None
[DEBUG]2025-06-24 14:46:57,682: None
[DEBUG]2025-06-24 14:46:57,682: None
[DEBUG]2025-06-24 14:46:57,682: None
[DEBUG]2025-06-24 14:46:57,682: None
[DEBUG]2025-06-24 14:46:57,682: None
[DEBUG]2025-06-24 14:46:57,682: None
[DEBUG]2025-06-24 14:46:57,682: None
[DEBUG]2025-06-24 14:46:57,682: None
[DEBUG]2025-06-24 14:46:57,682: None
[DEBUG]2025-06-24 14:46:57,682: None
[DEBUG]2025-06-24 14:46:57,682: None
[DEBUG]2025-06-24 14:46:57,682: None
[DEBUG]2025-06-24 14:46:57,682: None
[DEBUG]2025-06-24 14:46:57,682: None
[DEBUG]2025-06-24 14:46:57,682: None
[DEBUG]2025-06-24 14:46:57,682: None
[DEBUG]2025-06-24 14:47:57,678: <re.Match object; span=(1085, 1778), match='typedef enum {\n    ES_NO_EVENT, ES_ERROR, /* use>
[DEBUG]2025-06-24 14:47:57,678: ['ES_NO_EVENT', 'ES_ERROR', 'ES_INIT', 'ES_ENTRY', 'ES_EXIT', 'ES_KEYINPUT', 'ES_LISTEVENTS', 'ES_TIMEOUT', 'ES_TIMERACTIVE', 'ES_TIMERSTOPPED', 'BATTERY_CONNECTED', 'BATTERY_DISCONNECTED', 'NUMBEROFEVENTS']
[DEBUG]2025-06-24 14:47:57,679: 
static const char *EventNames[] = {
	"ES_NO_EVENT",
	"ES_ERROR",
	"ES_INIT",
	"ES_ENTRY",
	"ES_EXIT",
	"ES_KEYINPUT",
	"ES_LISTEVENTS",
	"ES_TIMEOUT",
	"ES_TIMERACTIVE",
	"ES_TIMERSTOPPED",
	"BATTERY_CONNECTED",
	"BATTERY_DISCONNECTED",
	"NUMBEROFEVENTS",
};


[DEBUG]2025-06-24 14:47:57,685: None
[DEBUG]2025-06-24 14:47:57,685: None
[DEBUG]2025-06-24 14:47:57,687: None
[DEBUG]2025-06-24 14:47:57,687: None
[DEBUG]2025-06-24 14:47:57,687: None
[DEBUG]2025-06-24 14:47:57,689: None
[DEBUG]2025-06-24 14:47:57,689: None
[DEBUG]2025-06-24 14:47:57,689: None
[DEBUG]2025-06-24 14:47:57,689: None
[DEBUG]2025-06-24 14:47:57,691: None
[DEBUG]2025-06-24 14:47:57,691: None
[DEBUG]2025-06-24 14:47:57,691: None
[DEBUG]2025-06-24 14:47:57,691: None
[DEBUG]2025-06-24 14:47:57,691: None
[DEBUG]2025-06-24 14:47:57,693: None
[DEBUG]2025-06-24 14:47:57,693: None
[DEBUG]2025-06-24 14:47:57,693: None
[DEBUG]2025-06-24 14:47:57,693: None
[DEBUG]2025-06-24 14:47:57,693: None
[DEBUG]2025-06-24 14:47:57,693: None
[DEBUG]2025-06-24 14:47:57,696: None
[DEBUG]2025-06-24 14:47:57,696: None
[DEBUG]2025-06-24 14:47:57,696: None
[DEBUG]2025-06-24 14:47:57,696: None
[DEBUG]2025-06-24 14:47:57,696: None
[DEBUG]2025-06-24 14:47:57,696: None
[DEBUG]2025-06-24 14:47:57,696: None
[DEBUG]2025-06-24 14:47:57,697: None
[DEBUG]2025-06-24 14:47:57,697: None
[DEBUG]2025-06-24 14:47:57,697: None
[DEBUG]2025-06-24 14:47:57,697: None
[DEBUG]2025-06-24 14:47:57,697: None
[DEBUG]2025-06-24 14:47:57,697: None
[DEBUG]2025-06-24 14:47:57,697: None
[DEBUG]2025-06-24 14:47:57,697: None
[DEBUG]2025-06-24 14:47:57,699: None
[DEBUG]2025-06-24 14:47:57,699: None
[DEBUG]2025-06-24 14:47:57,699: None
[DEBUG]2025-06-24 14:47:57,699: None
[DEBUG]2025-06-24 14:47:57,699: None
[DEBUG]2025-06-24 14:47:57,699: None
[DEBUG]2025-06-24 14:47:57,699: None
[DEBUG]2025-06-24 14:47:57,699: None
[DEBUG]2025-06-24 14:47:57,699: None
[DEBUG]2025-06-24 14:47:57,702: None
[DEBUG]2025-06-24 14:47:57,702: None
[DEBUG]2025-06-24 14:47:57,702: None
[DEBUG]2025-06-24 14:47:57,702: None
[DEBUG]2025-06-24 14:47:57,702: None
[DEBUG]2025-06-24 14:47:57,702: None
[DEBUG]2025-06-24 14:47:57,702: None
[DEBUG]2025-06-24 14:47:57,702: None
[DEBUG]2025-06-24 14:47:57,702: None
[DEBUG]2025-06-24 14:47:57,702: None
[DEBUG]2025-06-24 14:47:57,705: None
[DEBUG]2025-06-24 14:47:57,705: None
[DEBUG]2025-06-24 14:47:57,705: None
[DEBUG]2025-06-24 14:47:57,705: None
[DEBUG]2025-06-24 14:47:57,705: None
[DEBUG]2025-06-24 14:47:57,705: None
[DEBUG]2025-06-24 14:47:57,705: None
[DEBUG]2025-06-24 14:47:57,705: None
[DEBUG]2025-06-24 14:47:57,705: None
[DEBUG]2025-06-24 14:47:57,705: None
[DEBUG]2025-06-24 14:47:57,705: None
[DEBUG]2025-06-24 14:47:57,707: None
[DEBUG]2025-06-24 14:47:57,707: None
[DEBUG]2025-06-24 14:47:57,707: None
[DEBUG]2025-06-24 14:47:57,707: None
[DEBUG]2025-06-24 14:47:57,707: None
[DEBUG]2025-06-24 14:47:57,707: None
[DEBUG]2025-06-24 14:47:57,707: None
[DEBUG]2025-06-24 14:47:57,707: None
[DEBUG]2025-06-24 14:47:57,707: None
[DEBUG]2025-06-24 14:47:57,707: None
[DEBUG]2025-06-24 14:47:57,707: None
[DEBUG]2025-06-24 14:47:57,707: None
[DEBUG]2025-06-24 14:47:57,710: None
[DEBUG]2025-06-24 14:47:57,710: None
[DEBUG]2025-06-24 14:47:57,710: None
[DEBUG]2025-06-24 14:47:57,710: None
[DEBUG]2025-06-24 14:47:57,710: None
[DEBUG]2025-06-24 14:47:57,710: None
[DEBUG]2025-06-24 14:47:57,710: None
[DEBUG]2025-06-24 14:47:57,710: None
[DEBUG]2025-06-24 14:47:57,710: None
[DEBUG]2025-06-24 14:47:57,710: None
[DEBUG]2025-06-24 14:47:57,710: None
[DEBUG]2025-06-24 14:47:57,710: None
[DEBUG]2025-06-24 14:47:57,710: None
[DEBUG]2025-06-24 14:47:57,711: None
[DEBUG]2025-06-24 14:47:57,711: None
[DEBUG]2025-06-24 14:47:57,711: None
[DEBUG]2025-06-24 14:47:57,711: None
[DEBUG]2025-06-24 14:47:57,711: None
[DEBUG]2025-06-24 14:47:57,711: None
[DEBUG]2025-06-24 14:47:57,711: None
[DEBUG]2025-06-24 14:47:57,711: None
[DEBUG]2025-06-24 14:47:57,711: None
[DEBUG]2025-06-24 14:47:57,711: None
[DEBUG]2025-06-24 14:47:57,711: None
[DEBUG]2025-06-24 14:47:57,711: None
[DEBUG]2025-06-24 14:47:57,711: None
[DEBUG]2025-06-24 14:47:57,711: None
[DEBUG]2025-06-24 14:47:57,715: None
[DEBUG]2025-06-24 14:47:57,715: None
[DEBUG]2025-06-24 14:47:57,715: None
[DEBUG]2025-06-24 14:47:57,715: None
[DEBUG]2025-06-24 14:47:57,715: None
[DEBUG]2025-06-24 14:47:57,715: None
[DEBUG]2025-06-24 14:47:57,715: None
[DEBUG]2025-06-24 14:47:57,715: None
[DEBUG]2025-06-24 14:47:57,715: None
[DEBUG]2025-06-24 14:47:57,715: None
[DEBUG]2025-06-24 14:47:57,715: None
[DEBUG]2025-06-24 14:47:57,715: None
[DEBUG]2025-06-24 14:47:57,715: None
[DEBUG]2025-06-24 14:47:57,715: None
[DEBUG]2025-06-24 14:47:57,715: None
[DEBUG]2025-06-24 14:47:57,718: None
[DEBUG]2025-06-24 14:47:57,718: None
[DEBUG]2025-06-24 14:47:57,718: None
[DEBUG]2025-06-24 14:47:57,718: None
[DEBUG]2025-06-24 14:47:57,718: None
[DEBUG]2025-06-24 14:47:57,718: None
[DEBUG]2025-06-24 14:47:57,718: None
[DEBUG]2025-06-24 14:47:57,718: None
[DEBUG]2025-06-24 14:47:57,718: None
[DEBUG]2025-06-24 14:47:57,718: None
[DEBUG]2025-06-24 14:47:57,718: None
[DEBUG]2025-06-24 14:47:57,718: None
[DEBUG]2025-06-24 14:47:57,718: None
[DEBUG]2025-06-24 14:47:57,718: None
[DEBUG]2025-06-24 14:47:57,718: None
[DEBUG]2025-06-24 14:47:57,718: None
[DEBUG]2025-06-24 14:47:57,720: None
[DEBUG]2025-06-24 14:47:57,720: None
[DEBUG]2025-06-24 14:47:57,720: None
[DEBUG]2025-06-24 14:47:57,720: None
[DEBUG]2025-06-24 14:47:57,720: None
[DEBUG]2025-06-24 14:47:57,720: None
[DEBUG]2025-06-24 14:47:57,720: None
[DEBUG]2025-06-24 14:47:57,720: None
[DEBUG]2025-06-24 14:47:57,720: None
[DEBUG]2025-06-24 14:47:57,720: None
[DEBUG]2025-06-24 14:47:57,720: None
[DEBUG]2025-06-24 14:47:57,720: None
[DEBUG]2025-06-24 14:47:57,720: None
[DEBUG]2025-06-24 14:47:57,720: None
[DEBUG]2025-06-24 14:47:57,720: None
[DEBUG]2025-06-24 14:47:57,720: None
[DEBUG]2025-06-24 14:47:57,720: None
[DEBUG]2025-06-24 14:47:57,722: None
[DEBUG]2025-06-24 14:47:57,722: None
[DEBUG]2025-06-24 14:47:57,722: None
[DEBUG]2025-06-24 14:47:57,722: None
[DEBUG]2025-06-24 14:47:57,722: None
[DEBUG]2025-06-24 14:47:57,722: None
[DEBUG]2025-06-24 14:47:57,722: None
[DEBUG]2025-06-24 14:47:57,722: None
[DEBUG]2025-06-24 14:47:57,722: None
[DEBUG]2025-06-24 14:47:57,722: None
[DEBUG]2025-06-24 14:47:57,722: None
[DEBUG]2025-06-24 14:47:57,722: None
[DEBUG]2025-06-24 14:47:57,722: None
[DEBUG]2025-06-24 14:47:57,722: None
[DEBUG]2025-06-24 14:47:57,722: None
[DEBUG]2025-06-24 14:47:57,722: None
[DEBUG]2025-06-24 14:47:57,722: None
[DEBUG]2025-06-24 14:47:57,722: None
[DEBUG]2025-06-24 14:47:57,724: None
[DEBUG]2025-06-24 14:47:57,724: None
[DEBUG]2025-06-24 14:47:57,724: None
[DEBUG]2025-06-24 14:47:57,724: None
[DEBUG]2025-06-24 14:47:57,724: None
[DEBUG]2025-06-24 14:47:57,724: None
[DEBUG]2025-06-24 14:47:57,724: None
[DEBUG]2025-06-24 14:47:57,724: None
[DEBUG]2025-06-24 14:47:57,724: None
[DEBUG]2025-06-24 14:47:57,724: None
[DEBUG]2025-06-24 14:47:57,724: None
[DEBUG]2025-06-24 14:47:57,724: None
[DEBUG]2025-06-24 14:47:57,724: None
[DEBUG]2025-06-24 14:47:57,724: None
[DEBUG]2025-06-24 14:47:57,724: None
[DEBUG]2025-06-24 14:47:57,724: None
[DEBUG]2025-06-24 14:47:57,724: None
[DEBUG]2025-06-24 14:47:57,724: None
[DEBUG]2025-06-24 14:47:57,724: None
